#
# A fatal error has been detected by the Java Runtime Environment:
#
#  EXCEPTION_ACCESS_VIOLATION (0xc0000005) at pc=0x0000000061c5258f, pid=7468, tid=13776
#
# JRE version: Java(TM) SE Runtime Environment (11.0.1+13) (build 11.0.1+13-LTS)
# Java VM: Java HotSpot(TM) 64-Bit Server VM (11.0.1+13-LTS, mixed mode, tiered, compressed oops, g1 gc, windows-amd64)
# Problematic frame:
# C  [sqlite-3.27.2.1-25231e77-3a11-493a-9e4d-b5fe4eaca895-sqlitejdbc.dll+0x1258f]
#
# No core dump will be written. Minidumps are not enabled by default on client versions of Windows
#
# If you would like to submit a bug report, please visit:
#   http://bugreport.java.com/bugreport/crash.jsp
# The crash happened outside the Java Virtual Machine in native code.
# See problematic frame for where to report the bug.
#

---------------  S U M M A R Y ------------

Command Line: -javaagent:D:\IntelliJ IDEA 2018.2.4\lib\idea_rt.jar=59992:D:\IntelliJ IDEA 2018.2.4\bin -Dfile.encoding=UTF-8 Main

Host: Intel(R) Core(TM) i7-7700HQ CPU @ 2.80GHz, 8 cores, 15G,  Windows 10 , 64 bit Build 17134 (10.0.17134.753)
Time: Wed Aug 21 12:36:16 2019 South Africa Standard Time elapsed time: 198 seconds (0d 0h 3m 18s)

---------------  T H R E A D  ---------------

Current thread (0x000001f7eccbe000):  JavaThread "Thread-764" [_thread_in_native, id=13776, stack(0x0000007da6100000,0x0000007da6200000)]

Stack: [0x0000007da6100000,0x0000007da6200000],  sp=0x0000007da61feb70,  free space=1018k
Native frames: (J=compiled Java code, j=interpreted, Vv=VM code, C=native code)
C  [sqlite-3.27.2.1-25231e77-3a11-493a-9e4d-b5fe4eaca895-sqlitejdbc.dll+0x1258f]

Java frames: (J=compiled Java code, j=interpreted, Vv=VM code)
j  org.sqlite.core.NativeDB.column_int(JI)I+0
j  org.sqlite.jdbc3.JDBC3ResultSet.getInt(I)I+18
j  org.sqlite.jdbc3.JDBC3ResultSet.getInt(Ljava/lang/String;)I+6
j  ApiEndpoints.Database.output()V+34
j  ApiEndpoints.Database.getUsers()Lorg/json/JSONArray;+1
j  ApiEndpoints.WebAPI.getUsers()Lorg/json/JSONObject;+31
j  ApiEndpoints.WebAPI.handleRequest(Lorg/json/JSONObject;)Lorg/json/JSONObject;+541
J 1207 c2 HTTPServer$HTTPClientConnection.run()V (1790 bytes) @ 0x000001f7d7fa4d70 [0x000001f7d7fa2bc0+0x00000000000021b0]
J 1327 c1 java.lang.Thread.run()V java.base@11.0.1 (17 bytes) @ 0x000001f7d0cf9a24 [0x000001f7d0cf98e0+0x0000000000000144]
v  ~StubRoutines::call_stub

siginfo: EXCEPTION_ACCESS_VIOLATION (0xc0000005), reading address 0x0000000000000018


Register to memory mapping:

RIP=0x0000000061c5258f sqlite-3.27.2.1-25231e77-3a11-493a-9e4d-b5fe4eaca895-sqlitejdbc.dll
RAX=0x0 is NULL
RBX=0x0 is NULL
RCX=0x000001f7f8719ce8 points into unknown readable memory
RDX=0x0 is NULL
RSP=0x0000007da61feb70 is pointing into the stack for thread: 0x000001f7eccbe000
RBP=0x0000007da61fec90 is pointing into the stack for thread: 0x000001f7eccbe000
RSI=0x000001f7f8719ce8 points into unknown readable memory
RDI=0x0000000000000190 is an unknown value
R8 =0x000001f7f8719ce8 points into unknown readable memory
R9 =0x0 is NULL
R10=0x000001f7d045fdd9 is at code_begin+1465 in an Interpreter codelet
method entry point (kind = native_synchronized)  [0x000001f7d045f820, 0x000001f7d0460560]  3392 bytes
R11=0x0000000080000121 is an unknown value
R12=0x0 is NULL
R13={method} {0x000001f7ec18e510} 'column_int' '(JI)I' in 'org/sqlite/core/NativeDB'
R14=0x0000007da61fecc8 is pointing into the stack for thread: 0x000001f7eccbe000
R15=0x000001f7eccbe000 is a thread


Registers:
RAX=0x0000000000000000, RBX=0x0000000000000000, RCX=0x000001f7f8719ce8, RDX=0x0000000000000000
RSP=0x0000007da61feb70, RBP=0x0000007da61fec90, RSI=0x000001f7f8719ce8, RDI=0x0000000000000190
R8 =0x000001f7f8719ce8, R9 =0x0000000000000000, R10=0x000001f7d045fdd9, R11=0x0000000080000121
R12=0x0000000000000000, R13=0x000001f7ec18e508, R14=0x0000007da61fecc8, R15=0x000001f7eccbe000
RIP=0x0000000061c5258f, EFLAGS=0x0000000000010206

Top of Stack: (sp=0x0000007da61feb70)
0x0000007da61feb70:   0000007da61fec38 000001f7ec18e508
0x0000007da61feb80:   0000000000000000 000001f7ec2fbd02
0x0000007da61feb90:   000001f7eccbe000 000001f7f8719ce8
0x0000007da61feba0:   000001f7ed40f6f0 0000000061c525e7
0x0000007da61febb0:   000001f7ec465100 0000000000000005
0x0000007da61febc0:   0000000000000002 000001f7eccbe000
0x0000007da61febd0:   000001f7ec9d0ab0 00007ffa14b9affd
0x0000007da61febe0:   000001f7ec18e508 000001f7d045fe08
0x0000007da61febf0:   0000007da61fec38 000000070d1140b8
0x0000007da61fec00:   0000000000000190 000001f7d045fb31
0x0000007da61fec10:   000001f7eccbe000 0000000000000002
0x0000007da61fec20:   0000007da61fec90 000001f7ed40f6f0
0x0000007da61fec30:   000001f7d045fad8 0000000000000003
0x0000007da61fec40:   00000007086fa490 0000007da61fec38
0x0000007da61fec50:   000001f7ec18e508 0000007da61fecc8
0x0000007da61fec60:   000001f7ed2b3b48 0000000000000000 

Instructions: (pc=0x0000000061c5258f)
0x0000000061c5256f:   83 c4 20 5b c3 56 53 48 83 ec 28 48 8d 05 3f 8a
0x0000000061c5257f:   09 00 48 85 c9 48 89 ce 48 63 da 74 47 48 8b 01
0x0000000061c5258f:   48 8b 48 18 e8 99 13 ff ff 48 8b 86 a0 00 00 00
0x0000000061c5259f:   48 85 c0 74 1b 0f b7 96 c0 00 00 00 39 da 7e 10 



---------------  P R O C E S S  ---------------

Threads class SMR info:
_java_thread_list=0x000001f7ecb00a20, length=18, elements={
0x000001f7ec2d5800, 0x000001f7ec2d6800, 0x000001f7ec363800, 0x000001f7ec315000,
0x000001f7ec31e000, 0x000001f7ec369000, 0x000001f7ec394000, 0x000001f7ec2b0800,
0x000001f7ec8be800, 0x000001f7ec95a800, 0x000001f7ec62e000, 0x000001f7c8133000,
0x000001f7eccbf000, 0x000001f7eccbe000, 0x000001f7eccbf800, 0x000001f7eccc0800,
0x000001f7eccbd000, 0x000001f7eccbb000
}

Java Threads: ( => current thread )
  0x000001f7ec2d5800 JavaThread "Reference Handler" daemon [_thread_blocked, id=20892, stack(0x0000007da6b00000,0x0000007da6c00000)]
  0x000001f7ec2d6800 JavaThread "Finalizer" daemon [_thread_blocked, id=20608, stack(0x0000007da6c00000,0x0000007da6d00000)]
  0x000001f7ec363800 JavaThread "Signal Dispatcher" daemon [_thread_blocked, id=17220, stack(0x0000007da6d00000,0x0000007da6e00000)]
  0x000001f7ec315000 JavaThread "Attach Listener" daemon [_thread_blocked, id=15328, stack(0x0000007da6e00000,0x0000007da6f00000)]
  0x000001f7ec31e000 JavaThread "C2 CompilerThread0" daemon [_thread_blocked, id=12140, stack(0x0000007da6f00000,0x0000007da7000000)]
  0x000001f7ec369000 JavaThread "C1 CompilerThread0" daemon [_thread_blocked, id=19108, stack(0x0000007da7000000,0x0000007da7100000)]
  0x000001f7ec394000 JavaThread "Sweeper thread" daemon [_thread_blocked, id=17600, stack(0x0000007da7100000,0x0000007da7200000)]
  0x000001f7ec2b0800 JavaThread "Common-Cleaner" daemon [_thread_blocked, id=3956, stack(0x0000007da7200000,0x0000007da7300000)]
  0x000001f7ec8be800 JavaThread "Monitor Ctrl-Break" daemon [_thread_in_native, id=5220, stack(0x0000007da7400000,0x0000007da7500000)]
  0x000001f7ec95a800 JavaThread "Service Thread" daemon [_thread_blocked, id=1820, stack(0x0000007da7500000,0x0000007da7600000)]
  0x000001f7ec62e000 JavaThread "Thread-0" [_thread_in_native, id=18200, stack(0x0000007da7700000,0x0000007da7800000)]
  0x000001f7c8133000 JavaThread "DestroyJavaVM" [_thread_blocked, id=18048, stack(0x0000007da6400000,0x0000007da6500000)]
  0x000001f7eccbf000 JavaThread "Thread-763" [_thread_blocked, id=2720, stack(0x0000007da6000000,0x0000007da6100000)]
=>0x000001f7eccbe000 JavaThread "Thread-764" [_thread_in_native, id=13776, stack(0x0000007da6100000,0x0000007da6200000)]
  0x000001f7eccbf800 JavaThread "Thread-765" [_thread_blocked, id=4428, stack(0x0000007da6200000,0x0000007da6300000)]
  0x000001f7eccc0800 JavaThread "Thread-770" [_thread_blocked, id=12228, stack(0x0000007da7800000,0x0000007da7900000)]
  0x000001f7eccbd000 JavaThread "Thread-771" [_thread_blocked, id=20576, stack(0x0000007da7900000,0x0000007da7a00000)]
  0x000001f7eccbb000 JavaThread "Thread-772" [_thread_blocked, id=20284, stack(0x0000007da7a00000,0x0000007da7b00000)]

Other Threads:
  0x000001f7ec2d3800 VMThread "VM Thread" [stack: 0x0000007da6a00000,0x0000007da6b00000] [id=20360]
  0x000001f7ec95b800 WatcherThread [stack: 0x0000007da7600000,0x0000007da7700000] [id=18332]
  0x000001f7c814b000 GCTaskThread "GC Thread#0" [stack: 0x0000007da6500000,0x0000007da6600000] [id=13032]
  0x000001f7ecbb7000 GCTaskThread "GC Thread#1" [stack: 0x0000007da7c00000,0x0000007da7d00000] [id=6996]
  0x000001f7ecc4a000 GCTaskThread "GC Thread#2" [stack: 0x0000007da7d00000,0x0000007da7e00000] [id=7744]
  0x000001f7ecc4a800 GCTaskThread "GC Thread#3" [stack: 0x0000007da7e00000,0x0000007da7f00000] [id=20404]
  0x000001f7ecbc3800 GCTaskThread "GC Thread#4" [stack: 0x0000007da7f00000,0x0000007da8000000] [id=17856]
  0x000001f7ecbc4000 GCTaskThread "GC Thread#5" [stack: 0x0000007da8000000,0x0000007da8100000] [id=6108]
  0x000001f7ecbc5000 GCTaskThread "GC Thread#6" [stack: 0x0000007da8100000,0x0000007da8200000] [id=13364]
  0x000001f7ecbc6000 GCTaskThread "GC Thread#7" [stack: 0x0000007da8200000,0x0000007da8300000] [id=20928]
  0x000001f7c81a8000 ConcurrentGCThread "G1 Main Marker" [stack: 0x0000007da6600000,0x0000007da6700000] [id=10096]
  0x000001f7c81a9800 ConcurrentGCThread "G1 Conc#0" [stack: 0x0000007da6700000,0x0000007da6800000] [id=16468]
  0x000001f7eb607000 ConcurrentGCThread "G1 Refine#0" [stack: 0x0000007da6800000,0x0000007da6900000] [id=21296]
  0x000001f7eb608000 ConcurrentGCThread "G1 Young RemSet Sampling" [stack: 0x0000007da6900000,0x0000007da6a00000] [id=1224]

Threads with active compile tasks:

VM state:not at safepoint (normal execution)

VM Mutex/Monitor currently owned by a thread: None

Heap address: 0x0000000701c00000, size: 4068 MB, Compressed Oops mode: Zero based, Oop shift amount: 3
Narrow klass base: 0x0000000800000000, Narrow klass shift: 0
Compressed class space size: 1073741824 Address: 0x0000000800000000

Heap:
 garbage-first heap   total 262144K, used 84467K [0x0000000701c00000, 0x0000000800000000)
  region size 1024K, 83 young (84992K), 4 survivors (4096K)
 Metaspace       used 11197K, capacity 11390K, committed 11648K, reserved 1060864K
  class space    used 970K, capacity 1051K, committed 1152K, reserved 1048576K
Heap Regions: E=young(eden), S=young(survivor), O=old, HS=humongous(starts), HC=humongous(continues), CS=collection set, F=free, A=archive, TAMS=top-at-mark-start (previous, next)
|   0|0x0000000701c00000, 0x0000000701c0a200, 0x0000000701d00000|  3%| O|  |TAMS 0x0000000701c00000, 0x0000000701c00000| Untracked 
|   1|0x0000000701d00000, 0x0000000701e00000, 0x0000000701e00000|100%|HS|  |TAMS 0x0000000701d00000, 0x0000000701d00000| Complete 
|   2|0x0000000701e00000, 0x0000000701e00000, 0x0000000701f00000|  0%| F|  |TAMS 0x0000000701e00000, 0x0000000701e00000| Untracked 
|   3|0x0000000701f00000, 0x0000000701f00000, 0x0000000702000000|  0%| F|  |TAMS 0x0000000701f00000, 0x0000000701f00000| Untracked 
|   4|0x0000000702000000, 0x0000000702000000, 0x0000000702100000|  0%| F|  |TAMS 0x0000000702000000, 0x0000000702000000| Untracked 
|   5|0x0000000702100000, 0x0000000702100000, 0x0000000702200000|  0%| F|  |TAMS 0x0000000702100000, 0x0000000702100000| Untracked 
|   6|0x0000000702200000, 0x0000000702200000, 0x0000000702300000|  0%| F|  |TAMS 0x0000000702200000, 0x0000000702200000| Untracked 
|   7|0x0000000702300000, 0x0000000702300000, 0x0000000702400000|  0%| F|  |TAMS 0x0000000702300000, 0x0000000702300000| Untracked 
|   8|0x0000000702400000, 0x0000000702400000, 0x0000000702500000|  0%| F|  |TAMS 0x0000000702400000, 0x0000000702400000| Untracked 
|   9|0x0000000702500000, 0x0000000702500000, 0x0000000702600000|  0%| F|  |TAMS 0x0000000702500000, 0x0000000702500000| Untracked 
|  10|0x0000000702600000, 0x0000000702600000, 0x0000000702700000|  0%| F|  |TAMS 0x0000000702600000, 0x0000000702600000| Untracked 
|  11|0x0000000702700000, 0x0000000702700000, 0x0000000702800000|  0%| F|  |TAMS 0x0000000702700000, 0x0000000702700000| Untracked 
|  12|0x0000000702800000, 0x0000000702800000, 0x0000000702900000|  0%| F|  |TAMS 0x0000000702800000, 0x0000000702800000| Untracked 
|  13|0x0000000702900000, 0x0000000702900000, 0x0000000702a00000|  0%| F|  |TAMS 0x0000000702900000, 0x0000000702900000| Untracked 
|  14|0x0000000702a00000, 0x0000000702a00000, 0x0000000702b00000|  0%| F|  |TAMS 0x0000000702a00000, 0x0000000702a00000| Untracked 
|  15|0x0000000702b00000, 0x0000000702b00000, 0x0000000702c00000|  0%| F|  |TAMS 0x0000000702b00000, 0x0000000702b00000| Untracked 
|  16|0x0000000702c00000, 0x0000000702c00000, 0x0000000702d00000|  0%| F|  |TAMS 0x0000000702c00000, 0x0000000702c00000| Untracked 
|  17|0x0000000702d00000, 0x0000000702d00000, 0x0000000702e00000|  0%| F|  |TAMS 0x0000000702d00000, 0x0000000702d00000| Untracked 
|  18|0x0000000702e00000, 0x0000000702e00000, 0x0000000702f00000|  0%| F|  |TAMS 0x0000000702e00000, 0x0000000702e00000| Untracked 
|  19|0x0000000702f00000, 0x0000000702f00000, 0x0000000703000000|  0%| F|  |TAMS 0x0000000702f00000, 0x0000000702f00000| Untracked 
|  20|0x0000000703000000, 0x0000000703000000, 0x0000000703100000|  0%| F|  |TAMS 0x0000000703000000, 0x0000000703000000| Untracked 
|  21|0x0000000703100000, 0x0000000703100000, 0x0000000703200000|  0%| F|  |TAMS 0x0000000703100000, 0x0000000703100000| Untracked 
|  22|0x0000000703200000, 0x0000000703200000, 0x0000000703300000|  0%| F|  |TAMS 0x0000000703200000, 0x0000000703200000| Untracked 
|  23|0x0000000703300000, 0x0000000703300000, 0x0000000703400000|  0%| F|  |TAMS 0x0000000703300000, 0x0000000703300000| Untracked 
|  24|0x0000000703400000, 0x0000000703400000, 0x0000000703500000|  0%| F|  |TAMS 0x0000000703400000, 0x0000000703400000| Untracked 
|  25|0x0000000703500000, 0x0000000703500000, 0x0000000703600000|  0%| F|  |TAMS 0x0000000703500000, 0x0000000703500000| Untracked 
|  26|0x0000000703600000, 0x0000000703600000, 0x0000000703700000|  0%| F|  |TAMS 0x0000000703600000, 0x0000000703600000| Untracked 
|  27|0x0000000703700000, 0x0000000703700000, 0x0000000703800000|  0%| F|  |TAMS 0x0000000703700000, 0x0000000703700000| Untracked 
|  28|0x0000000703800000, 0x0000000703800000, 0x0000000703900000|  0%| F|  |TAMS 0x0000000703800000, 0x0000000703800000| Untracked 
|  29|0x0000000703900000, 0x0000000703900000, 0x0000000703a00000|  0%| F|  |TAMS 0x0000000703900000, 0x0000000703900000| Untracked 
|  30|0x0000000703a00000, 0x0000000703a00000, 0x0000000703b00000|  0%| F|  |TAMS 0x0000000703a00000, 0x0000000703a00000| Untracked 
|  31|0x0000000703b00000, 0x0000000703b00000, 0x0000000703c00000|  0%| F|  |TAMS 0x0000000703b00000, 0x0000000703b00000| Untracked 
|  32|0x0000000703c00000, 0x0000000703c00000, 0x0000000703d00000|  0%| F|  |TAMS 0x0000000703c00000, 0x0000000703c00000| Untracked 
|  33|0x0000000703d00000, 0x0000000703d00000, 0x0000000703e00000|  0%| F|  |TAMS 0x0000000703d00000, 0x0000000703d00000| Untracked 
|  34|0x0000000703e00000, 0x0000000703e00000, 0x0000000703f00000|  0%| F|  |TAMS 0x0000000703e00000, 0x0000000703e00000| Untracked 
|  35|0x0000000703f00000, 0x0000000703f00000, 0x0000000704000000|  0%| F|  |TAMS 0x0000000703f00000, 0x0000000703f00000| Untracked 
|  36|0x0000000704000000, 0x0000000704000000, 0x0000000704100000|  0%| F|  |TAMS 0x0000000704000000, 0x0000000704000000| Untracked 
|  37|0x0000000704100000, 0x0000000704100000, 0x0000000704200000|  0%| F|  |TAMS 0x0000000704100000, 0x0000000704100000| Untracked 
|  38|0x0000000704200000, 0x0000000704200000, 0x0000000704300000|  0%| F|  |TAMS 0x0000000704200000, 0x0000000704200000| Untracked 
|  39|0x0000000704300000, 0x0000000704300000, 0x0000000704400000|  0%| F|  |TAMS 0x0000000704300000, 0x0000000704300000| Untracked 
|  40|0x0000000704400000, 0x0000000704400000, 0x0000000704500000|  0%| F|  |TAMS 0x0000000704400000, 0x0000000704400000| Untracked 
|  41|0x0000000704500000, 0x0000000704500000, 0x0000000704600000|  0%| F|  |TAMS 0x0000000704500000, 0x0000000704500000| Untracked 
|  42|0x0000000704600000, 0x0000000704600000, 0x0000000704700000|  0%| F|  |TAMS 0x0000000704600000, 0x0000000704600000| Untracked 
|  43|0x0000000704700000, 0x0000000704700000, 0x0000000704800000|  0%| F|  |TAMS 0x0000000704700000, 0x0000000704700000| Untracked 
|  44|0x0000000704800000, 0x0000000704800000, 0x0000000704900000|  0%| F|  |TAMS 0x0000000704800000, 0x0000000704800000| Untracked 
|  45|0x0000000704900000, 0x0000000704900000, 0x0000000704a00000|  0%| F|  |TAMS 0x0000000704900000, 0x0000000704900000| Untracked 
|  46|0x0000000704a00000, 0x0000000704a00000, 0x0000000704b00000|  0%| F|  |TAMS 0x0000000704a00000, 0x0000000704a00000| Untracked 
|  47|0x0000000704b00000, 0x0000000704b00000, 0x0000000704c00000|  0%| F|  |TAMS 0x0000000704b00000, 0x0000000704b00000| Untracked 
|  48|0x0000000704c00000, 0x0000000704c00000, 0x0000000704d00000|  0%| F|  |TAMS 0x0000000704c00000, 0x0000000704c00000| Untracked 
|  49|0x0000000704d00000, 0x0000000704d00000, 0x0000000704e00000|  0%| F|  |TAMS 0x0000000704d00000, 0x0000000704d00000| Untracked 
|  50|0x0000000704e00000, 0x0000000704e00000, 0x0000000704f00000|  0%| F|  |TAMS 0x0000000704e00000, 0x0000000704e00000| Untracked 
|  51|0x0000000704f00000, 0x0000000704f00000, 0x0000000705000000|  0%| F|  |TAMS 0x0000000704f00000, 0x0000000704f00000| Untracked 
|  52|0x0000000705000000, 0x0000000705000000, 0x0000000705100000|  0%| F|  |TAMS 0x0000000705000000, 0x0000000705000000| Untracked 
|  53|0x0000000705100000, 0x0000000705100000, 0x0000000705200000|  0%| F|  |TAMS 0x0000000705100000, 0x0000000705100000| Untracked 
|  54|0x0000000705200000, 0x0000000705200000, 0x0000000705300000|  0%| F|  |TAMS 0x0000000705200000, 0x0000000705200000| Untracked 
|  55|0x0000000705300000, 0x0000000705300000, 0x0000000705400000|  0%| F|  |TAMS 0x0000000705300000, 0x0000000705300000| Untracked 
|  56|0x0000000705400000, 0x0000000705400000, 0x0000000705500000|  0%| F|  |TAMS 0x0000000705400000, 0x0000000705400000| Untracked 
|  57|0x0000000705500000, 0x0000000705500000, 0x0000000705600000|  0%| F|  |TAMS 0x0000000705500000, 0x0000000705500000| Untracked 
|  58|0x0000000705600000, 0x0000000705600000, 0x0000000705700000|  0%| F|  |TAMS 0x0000000705600000, 0x0000000705600000| Untracked 
|  59|0x0000000705700000, 0x0000000705700000, 0x0000000705800000|  0%| F|  |TAMS 0x0000000705700000, 0x0000000705700000| Untracked 
|  60|0x0000000705800000, 0x0000000705800000, 0x0000000705900000|  0%| F|  |TAMS 0x0000000705800000, 0x0000000705800000| Untracked 
|  61|0x0000000705900000, 0x0000000705900000, 0x0000000705a00000|  0%| F|  |TAMS 0x0000000705900000, 0x0000000705900000| Untracked 
|  62|0x0000000705a00000, 0x0000000705a00000, 0x0000000705b00000|  0%| F|  |TAMS 0x0000000705a00000, 0x0000000705a00000| Untracked 
|  63|0x0000000705b00000, 0x0000000705b00000, 0x0000000705c00000|  0%| F|  |TAMS 0x0000000705b00000, 0x0000000705b00000| Untracked 
|  64|0x0000000705c00000, 0x0000000705c00000, 0x0000000705d00000|  0%| F|  |TAMS 0x0000000705c00000, 0x0000000705c00000| Untracked 
|  65|0x0000000705d00000, 0x0000000705d00000, 0x0000000705e00000|  0%| F|  |TAMS 0x0000000705d00000, 0x0000000705d00000| Untracked 
|  66|0x0000000705e00000, 0x0000000705e00000, 0x0000000705f00000|  0%| F|  |TAMS 0x0000000705e00000, 0x0000000705e00000| Untracked 
|  67|0x0000000705f00000, 0x0000000705f00000, 0x0000000706000000|  0%| F|  |TAMS 0x0000000705f00000, 0x0000000705f00000| Untracked 
|  68|0x0000000706000000, 0x0000000706000000, 0x0000000706100000|  0%| F|  |TAMS 0x0000000706000000, 0x0000000706000000| Untracked 
|  69|0x0000000706100000, 0x0000000706100000, 0x0000000706200000|  0%| F|  |TAMS 0x0000000706100000, 0x0000000706100000| Untracked 
|  70|0x0000000706200000, 0x0000000706200000, 0x0000000706300000|  0%| F|  |TAMS 0x0000000706200000, 0x0000000706200000| Untracked 
|  71|0x0000000706300000, 0x0000000706300000, 0x0000000706400000|  0%| F|  |TAMS 0x0000000706300000, 0x0000000706300000| Untracked 
|  72|0x0000000706400000, 0x0000000706400000, 0x0000000706500000|  0%| F|  |TAMS 0x0000000706400000, 0x0000000706400000| Untracked 
|  73|0x0000000706500000, 0x0000000706500000, 0x0000000706600000|  0%| F|  |TAMS 0x0000000706500000, 0x0000000706500000| Untracked 
|  74|0x0000000706600000, 0x0000000706600000, 0x0000000706700000|  0%| F|  |TAMS 0x0000000706600000, 0x0000000706600000| Untracked 
|  75|0x0000000706700000, 0x0000000706700000, 0x0000000706800000|  0%| F|  |TAMS 0x0000000706700000, 0x0000000706700000| Untracked 
|  76|0x0000000706800000, 0x0000000706800000, 0x0000000706900000|  0%| F|  |TAMS 0x0000000706800000, 0x0000000706800000| Untracked 
|  77|0x0000000706900000, 0x0000000706900000, 0x0000000706a00000|  0%| F|  |TAMS 0x0000000706900000, 0x0000000706900000| Untracked 
|  78|0x0000000706a00000, 0x0000000706a00000, 0x0000000706b00000|  0%| F|  |TAMS 0x0000000706a00000, 0x0000000706a00000| Untracked 
|  79|0x0000000706b00000, 0x0000000706b00000, 0x0000000706c00000|  0%| F|  |TAMS 0x0000000706b00000, 0x0000000706b00000| Untracked 
|  80|0x0000000706c00000, 0x0000000706c00000, 0x0000000706d00000|  0%| F|  |TAMS 0x0000000706c00000, 0x0000000706c00000| Untracked 
|  81|0x0000000706d00000, 0x0000000706d00000, 0x0000000706e00000|  0%| F|  |TAMS 0x0000000706d00000, 0x0000000706d00000| Untracked 
|  82|0x0000000706e00000, 0x0000000706e00000, 0x0000000706f00000|  0%| F|  |TAMS 0x0000000706e00000, 0x0000000706e00000| Untracked 
|  83|0x0000000706f00000, 0x0000000706f00000, 0x0000000707000000|  0%| F|  |TAMS 0x0000000706f00000, 0x0000000706f00000| Untracked 
|  84|0x0000000707000000, 0x0000000707000000, 0x0000000707100000|  0%| F|  |TAMS 0x0000000707000000, 0x0000000707000000| Untracked 
|  85|0x0000000707100000, 0x0000000707100000, 0x0000000707200000|  0%| F|  |TAMS 0x0000000707100000, 0x0000000707100000| Untracked 
|  86|0x0000000707200000, 0x0000000707200000, 0x0000000707300000|  0%| F|  |TAMS 0x0000000707200000, 0x0000000707200000| Untracked 
|  87|0x0000000707300000, 0x0000000707300000, 0x0000000707400000|  0%| F|  |TAMS 0x0000000707300000, 0x0000000707300000| Untracked 
|  88|0x0000000707400000, 0x0000000707400000, 0x0000000707500000|  0%| F|  |TAMS 0x0000000707400000, 0x0000000707400000| Untracked 
|  89|0x0000000707500000, 0x0000000707500000, 0x0000000707600000|  0%| F|  |TAMS 0x0000000707500000, 0x0000000707500000| Untracked 
|  90|0x0000000707600000, 0x0000000707600000, 0x0000000707700000|  0%| F|  |TAMS 0x0000000707600000, 0x0000000707600000| Untracked 
|  91|0x0000000707700000, 0x0000000707700000, 0x0000000707800000|  0%| F|  |TAMS 0x0000000707700000, 0x0000000707700000| Untracked 
|  92|0x0000000707800000, 0x0000000707800000, 0x0000000707900000|  0%| F|  |TAMS 0x0000000707800000, 0x0000000707800000| Untracked 
|  93|0x0000000707900000, 0x0000000707900000, 0x0000000707a00000|  0%| F|  |TAMS 0x0000000707900000, 0x0000000707900000| Untracked 
|  94|0x0000000707a00000, 0x0000000707a00000, 0x0000000707b00000|  0%| F|  |TAMS 0x0000000707a00000, 0x0000000707a00000| Untracked 
|  95|0x0000000707b00000, 0x0000000707b00000, 0x0000000707c00000|  0%| F|  |TAMS 0x0000000707b00000, 0x0000000707b00000| Untracked 
|  96|0x0000000707c00000, 0x0000000707c00000, 0x0000000707d00000|  0%| F|  |TAMS 0x0000000707c00000, 0x0000000707c00000| Untracked 
|  97|0x0000000707d00000, 0x0000000707d00000, 0x0000000707e00000|  0%| F|  |TAMS 0x0000000707d00000, 0x0000000707d00000| Untracked 
|  98|0x0000000707e00000, 0x0000000707e00000, 0x0000000707f00000|  0%| F|  |TAMS 0x0000000707e00000, 0x0000000707e00000| Untracked 
|  99|0x0000000707f00000, 0x0000000707f00000, 0x0000000708000000|  0%| F|  |TAMS 0x0000000707f00000, 0x0000000707f00000| Untracked 
| 100|0x0000000708000000, 0x0000000708000000, 0x0000000708100000|  0%| F|  |TAMS 0x0000000708000000, 0x0000000708000000| Untracked 
| 101|0x0000000708100000, 0x0000000708100000, 0x0000000708200000|  0%| F|  |TAMS 0x0000000708100000, 0x0000000708100000| Untracked 
| 102|0x0000000708200000, 0x0000000708200000, 0x0000000708300000|  0%| F|  |TAMS 0x0000000708200000, 0x0000000708200000| Untracked 
| 103|0x0000000708300000, 0x0000000708372ba0, 0x0000000708400000| 44%| S|CS|TAMS 0x0000000708300000, 0x0000000708300000| Complete 
| 104|0x0000000708400000, 0x0000000708500000, 0x0000000708500000|100%| S|CS|TAMS 0x0000000708400000, 0x0000000708400000| Complete 
| 105|0x0000000708500000, 0x0000000708600000, 0x0000000708600000|100%| S|CS|TAMS 0x0000000708500000, 0x0000000708500000| Complete 
| 106|0x0000000708600000, 0x0000000708700000, 0x0000000708700000|100%| S|CS|TAMS 0x0000000708600000, 0x0000000708600000| Complete 
| 107|0x0000000708700000, 0x0000000708700000, 0x0000000708800000|  0%| F|  |TAMS 0x0000000708700000, 0x0000000708700000| Untracked 
| 108|0x0000000708800000, 0x0000000708800000, 0x0000000708900000|  0%| F|  |TAMS 0x0000000708800000, 0x0000000708800000| Untracked 
| 109|0x0000000708900000, 0x0000000708900000, 0x0000000708a00000|  0%| F|  |TAMS 0x0000000708900000, 0x0000000708900000| Untracked 
| 110|0x0000000708a00000, 0x0000000708a00000, 0x0000000708b00000|  0%| F|  |TAMS 0x0000000708a00000, 0x0000000708a00000| Untracked 
| 111|0x0000000708b00000, 0x0000000708b00000, 0x0000000708c00000|  0%| F|  |TAMS 0x0000000708b00000, 0x0000000708b00000| Untracked 
| 112|0x0000000708c00000, 0x0000000708c00000, 0x0000000708d00000|  0%| F|  |TAMS 0x0000000708c00000, 0x0000000708c00000| Untracked 
| 113|0x0000000708d00000, 0x0000000708d00000, 0x0000000708e00000|  0%| F|  |TAMS 0x0000000708d00000, 0x0000000708d00000| Untracked 
| 114|0x0000000708e00000, 0x0000000708e00000, 0x0000000708f00000|  0%| F|  |TAMS 0x0000000708e00000, 0x0000000708e00000| Untracked 
| 115|0x0000000708f00000, 0x0000000708f00000, 0x0000000709000000|  0%| F|  |TAMS 0x0000000708f00000, 0x0000000708f00000| Untracked 
| 116|0x0000000709000000, 0x0000000709000000, 0x0000000709100000|  0%| F|  |TAMS 0x0000000709000000, 0x0000000709000000| Untracked 
| 117|0x0000000709100000, 0x0000000709100000, 0x0000000709200000|  0%| F|  |TAMS 0x0000000709100000, 0x0000000709100000| Untracked 
| 118|0x0000000709200000, 0x0000000709200000, 0x0000000709300000|  0%| F|  |TAMS 0x0000000709200000, 0x0000000709200000| Untracked 
| 119|0x0000000709300000, 0x0000000709300000, 0x0000000709400000|  0%| F|  |TAMS 0x0000000709300000, 0x0000000709300000| Untracked 
| 120|0x0000000709400000, 0x0000000709400000, 0x0000000709500000|  0%| F|  |TAMS 0x0000000709400000, 0x0000000709400000| Untracked 
| 121|0x0000000709500000, 0x0000000709500000, 0x0000000709600000|  0%| F|  |TAMS 0x0000000709500000, 0x0000000709500000| Untracked 
| 122|0x0000000709600000, 0x0000000709600000, 0x0000000709700000|  0%| F|  |TAMS 0x0000000709600000, 0x0000000709600000| Untracked 
| 123|0x0000000709700000, 0x0000000709700000, 0x0000000709800000|  0%| F|  |TAMS 0x0000000709700000, 0x0000000709700000| Untracked 
| 124|0x0000000709800000, 0x0000000709800000, 0x0000000709900000|  0%| F|  |TAMS 0x0000000709800000, 0x0000000709800000| Untracked 
| 125|0x0000000709900000, 0x0000000709900000, 0x0000000709a00000|  0%| F|  |TAMS 0x0000000709900000, 0x0000000709900000| Untracked 
| 126|0x0000000709a00000, 0x0000000709a00000, 0x0000000709b00000|  0%| F|  |TAMS 0x0000000709a00000, 0x0000000709a00000| Untracked 
| 127|0x0000000709b00000, 0x0000000709b00000, 0x0000000709c00000|  0%| F|  |TAMS 0x0000000709b00000, 0x0000000709b00000| Untracked 
| 128|0x0000000709c00000, 0x0000000709c00000, 0x0000000709d00000|  0%| F|  |TAMS 0x0000000709c00000, 0x0000000709c00000| Untracked 
| 129|0x0000000709d00000, 0x0000000709d00000, 0x0000000709e00000|  0%| F|  |TAMS 0x0000000709d00000, 0x0000000709d00000| Untracked 
| 130|0x0000000709e00000, 0x0000000709e00000, 0x0000000709f00000|  0%| F|  |TAMS 0x0000000709e00000, 0x0000000709e00000| Untracked 
| 131|0x0000000709f00000, 0x0000000709f00000, 0x000000070a000000|  0%| F|  |TAMS 0x0000000709f00000, 0x0000000709f00000| Untracked 
| 132|0x000000070a000000, 0x000000070a000000, 0x000000070a100000|  0%| F|  |TAMS 0x000000070a000000, 0x000000070a000000| Untracked 
| 133|0x000000070a100000, 0x000000070a100000, 0x000000070a200000|  0%| F|  |TAMS 0x000000070a100000, 0x000000070a100000| Untracked 
| 134|0x000000070a200000, 0x000000070a200000, 0x000000070a300000|  0%| F|  |TAMS 0x000000070a200000, 0x000000070a200000| Untracked 
| 135|0x000000070a300000, 0x000000070a300000, 0x000000070a400000|  0%| F|  |TAMS 0x000000070a300000, 0x000000070a300000| Untracked 
| 136|0x000000070a400000, 0x000000070a400000, 0x000000070a500000|  0%| F|  |TAMS 0x000000070a400000, 0x000000070a400000| Untracked 
| 137|0x000000070a500000, 0x000000070a500000, 0x000000070a600000|  0%| F|  |TAMS 0x000000070a500000, 0x000000070a500000| Untracked 
| 138|0x000000070a600000, 0x000000070a600000, 0x000000070a700000|  0%| F|  |TAMS 0x000000070a600000, 0x000000070a600000| Untracked 
| 139|0x000000070a700000, 0x000000070a700000, 0x000000070a800000|  0%| F|  |TAMS 0x000000070a700000, 0x000000070a700000| Untracked 
| 140|0x000000070a800000, 0x000000070a800000, 0x000000070a900000|  0%| F|  |TAMS 0x000000070a800000, 0x000000070a800000| Untracked 
| 141|0x000000070a900000, 0x000000070a900000, 0x000000070aa00000|  0%| F|  |TAMS 0x000000070a900000, 0x000000070a900000| Untracked 
| 142|0x000000070aa00000, 0x000000070aa00000, 0x000000070ab00000|  0%| F|  |TAMS 0x000000070aa00000, 0x000000070aa00000| Untracked 
| 143|0x000000070ab00000, 0x000000070ab00000, 0x000000070ac00000|  0%| F|  |TAMS 0x000000070ab00000, 0x000000070ab00000| Untracked 
| 144|0x000000070ac00000, 0x000000070ac00000, 0x000000070ad00000|  0%| F|  |TAMS 0x000000070ac00000, 0x000000070ac00000| Untracked 
| 145|0x000000070ad00000, 0x000000070ad00000, 0x000000070ae00000|  0%| F|  |TAMS 0x000000070ad00000, 0x000000070ad00000| Untracked 
| 146|0x000000070ae00000, 0x000000070ae00000, 0x000000070af00000|  0%| F|  |TAMS 0x000000070ae00000, 0x000000070ae00000| Untracked 
| 147|0x000000070af00000, 0x000000070af00000, 0x000000070b000000|  0%| F|  |TAMS 0x000000070af00000, 0x000000070af00000| Untracked 
| 148|0x000000070b000000, 0x000000070b000000, 0x000000070b100000|  0%| F|  |TAMS 0x000000070b000000, 0x000000070b000000| Untracked 
| 149|0x000000070b100000, 0x000000070b100000, 0x000000070b200000|  0%| F|  |TAMS 0x000000070b100000, 0x000000070b100000| Untracked 
| 150|0x000000070b200000, 0x000000070b200000, 0x000000070b300000|  0%| F|  |TAMS 0x000000070b200000, 0x000000070b200000| Untracked 
| 151|0x000000070b300000, 0x000000070b300000, 0x000000070b400000|  0%| F|  |TAMS 0x000000070b300000, 0x000000070b300000| Untracked 
| 152|0x000000070b400000, 0x000000070b400000, 0x000000070b500000|  0%| F|  |TAMS 0x000000070b400000, 0x000000070b400000| Untracked 
| 153|0x000000070b500000, 0x000000070b500000, 0x000000070b600000|  0%| F|  |TAMS 0x000000070b500000, 0x000000070b500000| Untracked 
| 154|0x000000070b600000, 0x000000070b600000, 0x000000070b700000|  0%| F|  |TAMS 0x000000070b600000, 0x000000070b600000| Untracked 
| 155|0x000000070b700000, 0x000000070b700000, 0x000000070b800000|  0%| F|  |TAMS 0x000000070b700000, 0x000000070b700000| Untracked 
| 156|0x000000070b800000, 0x000000070b800000, 0x000000070b900000|  0%| F|  |TAMS 0x000000070b800000, 0x000000070b800000| Untracked 
| 157|0x000000070b900000, 0x000000070b900000, 0x000000070ba00000|  0%| F|  |TAMS 0x000000070b900000, 0x000000070b900000| Untracked 
| 158|0x000000070ba00000, 0x000000070ba00000, 0x000000070bb00000|  0%| F|  |TAMS 0x000000070ba00000, 0x000000070ba00000| Untracked 
| 159|0x000000070bb00000, 0x000000070bb00000, 0x000000070bc00000|  0%| F|  |TAMS 0x000000070bb00000, 0x000000070bb00000| Untracked 
| 160|0x000000070bc00000, 0x000000070bc00000, 0x000000070bd00000|  0%| F|  |TAMS 0x000000070bc00000, 0x000000070bc00000| Untracked 
| 161|0x000000070bd00000, 0x000000070bd00000, 0x000000070be00000|  0%| F|  |TAMS 0x000000070bd00000, 0x000000070bd00000| Untracked 
| 162|0x000000070be00000, 0x000000070be00000, 0x000000070bf00000|  0%| F|  |TAMS 0x000000070be00000, 0x000000070be00000| Untracked 
| 163|0x000000070bf00000, 0x000000070bf00000, 0x000000070c000000|  0%| F|  |TAMS 0x000000070bf00000, 0x000000070bf00000| Untracked 
| 164|0x000000070c000000, 0x000000070c000000, 0x000000070c100000|  0%| F|  |TAMS 0x000000070c000000, 0x000000070c000000| Untracked 
| 165|0x000000070c100000, 0x000000070c100000, 0x000000070c200000|  0%| F|  |TAMS 0x000000070c100000, 0x000000070c100000| Untracked 
| 166|0x000000070c200000, 0x000000070c200000, 0x000000070c300000|  0%| F|  |TAMS 0x000000070c200000, 0x000000070c200000| Untracked 
| 167|0x000000070c300000, 0x000000070c300000, 0x000000070c400000|  0%| F|  |TAMS 0x000000070c300000, 0x000000070c300000| Untracked 
| 168|0x000000070c400000, 0x000000070c400000, 0x000000070c500000|  0%| F|  |TAMS 0x000000070c400000, 0x000000070c400000| Untracked 
| 169|0x000000070c500000, 0x000000070c500000, 0x000000070c600000|  0%| F|  |TAMS 0x000000070c500000, 0x000000070c500000| Untracked 
| 170|0x000000070c600000, 0x000000070c600000, 0x000000070c700000|  0%| F|  |TAMS 0x000000070c600000, 0x000000070c600000| Untracked 
| 171|0x000000070c700000, 0x000000070c700000, 0x000000070c800000|  0%| F|  |TAMS 0x000000070c700000, 0x000000070c700000| Untracked 
| 172|0x000000070c800000, 0x000000070c800000, 0x000000070c900000|  0%| F|  |TAMS 0x000000070c800000, 0x000000070c800000| Untracked 
| 173|0x000000070c900000, 0x000000070c900000, 0x000000070ca00000|  0%| F|  |TAMS 0x000000070c900000, 0x000000070c900000| Untracked 
| 174|0x000000070ca00000, 0x000000070ca00000, 0x000000070cb00000|  0%| F|  |TAMS 0x000000070ca00000, 0x000000070ca00000| Untracked 
| 175|0x000000070cb00000, 0x000000070cb00000, 0x000000070cc00000|  0%| F|  |TAMS 0x000000070cb00000, 0x000000070cb00000| Untracked 
| 176|0x000000070cc00000, 0x000000070cc00000, 0x000000070cd00000|  0%| F|  |TAMS 0x000000070cc00000, 0x000000070cc00000| Untracked 
| 177|0x000000070cd00000, 0x000000070ce00000, 0x000000070ce00000|100%| E|  |TAMS 0x000000070cd00000, 0x000000070cd00000| Complete 
| 178|0x000000070ce00000, 0x000000070cf00000, 0x000000070cf00000|100%| E|CS|TAMS 0x000000070ce00000, 0x000000070ce00000| Complete 
| 179|0x000000070cf00000, 0x000000070d000000, 0x000000070d000000|100%| E|CS|TAMS 0x000000070cf00000, 0x000000070cf00000| Complete 
| 180|0x000000070d000000, 0x000000070d100000, 0x000000070d100000|100%| E|CS|TAMS 0x000000070d000000, 0x000000070d000000| Complete 
| 181|0x000000070d100000, 0x000000070d200000, 0x000000070d200000|100%| E|CS|TAMS 0x000000070d100000, 0x000000070d100000| Complete 
| 182|0x000000070d200000, 0x000000070d300000, 0x000000070d300000|100%| E|CS|TAMS 0x000000070d200000, 0x000000070d200000| Complete 
| 183|0x000000070d300000, 0x000000070d400000, 0x000000070d400000|100%| E|CS|TAMS 0x000000070d300000, 0x000000070d300000| Complete 
| 184|0x000000070d400000, 0x000000070d500000, 0x000000070d500000|100%| E|CS|TAMS 0x000000070d400000, 0x000000070d400000| Complete 
| 185|0x000000070d500000, 0x000000070d600000, 0x000000070d600000|100%| E|CS|TAMS 0x000000070d500000, 0x000000070d500000| Complete 
| 186|0x000000070d600000, 0x000000070d700000, 0x000000070d700000|100%| E|CS|TAMS 0x000000070d600000, 0x000000070d600000| Complete 
| 187|0x000000070d700000, 0x000000070d800000, 0x000000070d800000|100%| E|CS|TAMS 0x000000070d700000, 0x000000070d700000| Complete 
| 188|0x000000070d800000, 0x000000070d900000, 0x000000070d900000|100%| E|CS|TAMS 0x000000070d800000, 0x000000070d800000| Complete 
| 189|0x000000070d900000, 0x000000070da00000, 0x000000070da00000|100%| E|CS|TAMS 0x000000070d900000, 0x000000070d900000| Complete 
| 190|0x000000070da00000, 0x000000070db00000, 0x000000070db00000|100%| E|CS|TAMS 0x000000070da00000, 0x000000070da00000| Complete 
| 191|0x000000070db00000, 0x000000070dc00000, 0x000000070dc00000|100%| E|CS|TAMS 0x000000070db00000, 0x000000070db00000| Complete 
| 192|0x000000070dc00000, 0x000000070dd00000, 0x000000070dd00000|100%| E|CS|TAMS 0x000000070dc00000, 0x000000070dc00000| Complete 
| 193|0x000000070dd00000, 0x000000070de00000, 0x000000070de00000|100%| E|CS|TAMS 0x000000070dd00000, 0x000000070dd00000| Complete 
| 194|0x000000070de00000, 0x000000070df00000, 0x000000070df00000|100%| E|CS|TAMS 0x000000070de00000, 0x000000070de00000| Complete 
| 195|0x000000070df00000, 0x000000070e000000, 0x000000070e000000|100%| E|CS|TAMS 0x000000070df00000, 0x000000070df00000| Complete 
| 196|0x000000070e000000, 0x000000070e100000, 0x000000070e100000|100%| E|CS|TAMS 0x000000070e000000, 0x000000070e000000| Complete 
| 197|0x000000070e100000, 0x000000070e200000, 0x000000070e200000|100%| E|CS|TAMS 0x000000070e100000, 0x000000070e100000| Complete 
| 198|0x000000070e200000, 0x000000070e300000, 0x000000070e300000|100%| E|CS|TAMS 0x000000070e200000, 0x000000070e200000| Complete 
| 199|0x000000070e300000, 0x000000070e400000, 0x000000070e400000|100%| E|CS|TAMS 0x000000070e300000, 0x000000070e300000| Complete 
| 200|0x000000070e400000, 0x000000070e500000, 0x000000070e500000|100%| E|CS|TAMS 0x000000070e400000, 0x000000070e400000| Complete 
| 201|0x000000070e500000, 0x000000070e600000, 0x000000070e600000|100%| E|CS|TAMS 0x000000070e500000, 0x000000070e500000| Complete 
| 202|0x000000070e600000, 0x000000070e700000, 0x000000070e700000|100%| E|CS|TAMS 0x000000070e600000, 0x000000070e600000| Complete 
| 203|0x000000070e700000, 0x000000070e800000, 0x000000070e800000|100%| E|CS|TAMS 0x000000070e700000, 0x000000070e700000| Complete 
| 204|0x000000070e800000, 0x000000070e900000, 0x000000070e900000|100%| E|CS|TAMS 0x000000070e800000, 0x000000070e800000| Complete 
| 205|0x000000070e900000, 0x000000070ea00000, 0x000000070ea00000|100%| E|CS|TAMS 0x000000070e900000, 0x000000070e900000| Complete 
| 206|0x000000070ea00000, 0x000000070eb00000, 0x000000070eb00000|100%| E|CS|TAMS 0x000000070ea00000, 0x000000070ea00000| Complete 
| 207|0x000000070eb00000, 0x000000070ec00000, 0x000000070ec00000|100%| E|CS|TAMS 0x000000070eb00000, 0x000000070eb00000| Complete 
| 208|0x000000070ec00000, 0x000000070ed00000, 0x000000070ed00000|100%| E|CS|TAMS 0x000000070ec00000, 0x000000070ec00000| Complete 
| 209|0x000000070ed00000, 0x000000070ee00000, 0x000000070ee00000|100%| E|CS|TAMS 0x000000070ed00000, 0x000000070ed00000| Complete 
| 210|0x000000070ee00000, 0x000000070ef00000, 0x000000070ef00000|100%| E|CS|TAMS 0x000000070ee00000, 0x000000070ee00000| Complete 
| 211|0x000000070ef00000, 0x000000070f000000, 0x000000070f000000|100%| E|CS|TAMS 0x000000070ef00000, 0x000000070ef00000| Complete 
| 212|0x000000070f000000, 0x000000070f100000, 0x000000070f100000|100%| E|CS|TAMS 0x000000070f000000, 0x000000070f000000| Complete 
| 213|0x000000070f100000, 0x000000070f200000, 0x000000070f200000|100%| E|CS|TAMS 0x000000070f100000, 0x000000070f100000| Complete 
| 214|0x000000070f200000, 0x000000070f300000, 0x000000070f300000|100%| E|CS|TAMS 0x000000070f200000, 0x000000070f200000| Complete 
| 215|0x000000070f300000, 0x000000070f400000, 0x000000070f400000|100%| E|CS|TAMS 0x000000070f300000, 0x000000070f300000| Complete 
| 216|0x000000070f400000, 0x000000070f500000, 0x000000070f500000|100%| E|CS|TAMS 0x000000070f400000, 0x000000070f400000| Complete 
| 217|0x000000070f500000, 0x000000070f600000, 0x000000070f600000|100%| E|CS|TAMS 0x000000070f500000, 0x000000070f500000| Complete 
| 218|0x000000070f600000, 0x000000070f700000, 0x000000070f700000|100%| E|CS|TAMS 0x000000070f600000, 0x000000070f600000| Complete 
| 219|0x000000070f700000, 0x000000070f800000, 0x000000070f800000|100%| E|CS|TAMS 0x000000070f700000, 0x000000070f700000| Complete 
| 220|0x000000070f800000, 0x000000070f900000, 0x000000070f900000|100%| E|CS|TAMS 0x000000070f800000, 0x000000070f800000| Complete 
| 221|0x000000070f900000, 0x000000070fa00000, 0x000000070fa00000|100%| E|CS|TAMS 0x000000070f900000, 0x000000070f900000| Complete 
| 222|0x000000070fa00000, 0x000000070fb00000, 0x000000070fb00000|100%| E|CS|TAMS 0x000000070fa00000, 0x000000070fa00000| Complete 
| 223|0x000000070fb00000, 0x000000070fc00000, 0x000000070fc00000|100%| E|CS|TAMS 0x000000070fb00000, 0x000000070fb00000| Complete 
| 224|0x000000070fc00000, 0x000000070fd00000, 0x000000070fd00000|100%| E|CS|TAMS 0x000000070fc00000, 0x000000070fc00000| Complete 
| 225|0x000000070fd00000, 0x000000070fe00000, 0x000000070fe00000|100%| E|CS|TAMS 0x000000070fd00000, 0x000000070fd00000| Complete 
| 226|0x000000070fe00000, 0x000000070ff00000, 0x000000070ff00000|100%| E|CS|TAMS 0x000000070fe00000, 0x000000070fe00000| Complete 
| 227|0x000000070ff00000, 0x0000000710000000, 0x0000000710000000|100%| E|CS|TAMS 0x000000070ff00000, 0x000000070ff00000| Complete 
| 228|0x0000000710000000, 0x0000000710100000, 0x0000000710100000|100%| E|CS|TAMS 0x0000000710000000, 0x0000000710000000| Complete 
| 229|0x0000000710100000, 0x0000000710200000, 0x0000000710200000|100%| E|CS|TAMS 0x0000000710100000, 0x0000000710100000| Complete 
| 230|0x0000000710200000, 0x0000000710300000, 0x0000000710300000|100%| E|CS|TAMS 0x0000000710200000, 0x0000000710200000| Complete 
| 231|0x0000000710300000, 0x0000000710400000, 0x0000000710400000|100%| E|CS|TAMS 0x0000000710300000, 0x0000000710300000| Complete 
| 232|0x0000000710400000, 0x0000000710500000, 0x0000000710500000|100%| E|CS|TAMS 0x0000000710400000, 0x0000000710400000| Complete 
| 233|0x0000000710500000, 0x0000000710600000, 0x0000000710600000|100%| E|CS|TAMS 0x0000000710500000, 0x0000000710500000| Complete 
| 234|0x0000000710600000, 0x0000000710700000, 0x0000000710700000|100%| E|CS|TAMS 0x0000000710600000, 0x0000000710600000| Complete 
| 235|0x0000000710700000, 0x0000000710800000, 0x0000000710800000|100%| E|CS|TAMS 0x0000000710700000, 0x0000000710700000| Complete 
| 236|0x0000000710800000, 0x0000000710900000, 0x0000000710900000|100%| E|CS|TAMS 0x0000000710800000, 0x0000000710800000| Complete 
| 237|0x0000000710900000, 0x0000000710a00000, 0x0000000710a00000|100%| E|CS|TAMS 0x0000000710900000, 0x0000000710900000| Complete 
| 238|0x0000000710a00000, 0x0000000710b00000, 0x0000000710b00000|100%| E|CS|TAMS 0x0000000710a00000, 0x0000000710a00000| Complete 
| 239|0x0000000710b00000, 0x0000000710c00000, 0x0000000710c00000|100%| E|CS|TAMS 0x0000000710b00000, 0x0000000710b00000| Complete 
| 240|0x0000000710c00000, 0x0000000710d00000, 0x0000000710d00000|100%| E|CS|TAMS 0x0000000710c00000, 0x0000000710c00000| Complete 
| 241|0x0000000710d00000, 0x0000000710e00000, 0x0000000710e00000|100%| E|CS|TAMS 0x0000000710d00000, 0x0000000710d00000| Complete 
| 242|0x0000000710e00000, 0x0000000710f00000, 0x0000000710f00000|100%| E|CS|TAMS 0x0000000710e00000, 0x0000000710e00000| Complete 
| 243|0x0000000710f00000, 0x0000000711000000, 0x0000000711000000|100%| E|CS|TAMS 0x0000000710f00000, 0x0000000710f00000| Complete 
| 244|0x0000000711000000, 0x0000000711100000, 0x0000000711100000|100%| E|CS|TAMS 0x0000000711000000, 0x0000000711000000| Complete 
| 245|0x0000000711100000, 0x0000000711200000, 0x0000000711200000|100%| E|CS|TAMS 0x0000000711100000, 0x0000000711100000| Complete 
| 246|0x0000000711200000, 0x0000000711300000, 0x0000000711300000|100%| E|CS|TAMS 0x0000000711200000, 0x0000000711200000| Complete 
| 247|0x0000000711300000, 0x0000000711400000, 0x0000000711400000|100%| E|CS|TAMS 0x0000000711300000, 0x0000000711300000| Complete 
| 248|0x0000000711400000, 0x0000000711500000, 0x0000000711500000|100%| E|CS|TAMS 0x0000000711400000, 0x0000000711400000| Complete 
| 249|0x0000000711500000, 0x0000000711600000, 0x0000000711600000|100%| E|CS|TAMS 0x0000000711500000, 0x0000000711500000| Complete 
| 250|0x0000000711600000, 0x0000000711700000, 0x0000000711700000|100%| E|CS|TAMS 0x0000000711600000, 0x0000000711600000| Complete 
| 251|0x0000000711700000, 0x0000000711800000, 0x0000000711800000|100%| E|CS|TAMS 0x0000000711700000, 0x0000000711700000| Complete 
| 252|0x0000000711800000, 0x0000000711900000, 0x0000000711900000|100%| E|CS|TAMS 0x0000000711800000, 0x0000000711800000| Complete 
| 253|0x0000000711900000, 0x0000000711a00000, 0x0000000711a00000|100%| E|CS|TAMS 0x0000000711900000, 0x0000000711900000| Complete 
| 254|0x0000000711a00000, 0x0000000711b00000, 0x0000000711b00000|100%| E|CS|TAMS 0x0000000711a00000, 0x0000000711a00000| Complete 
| 255|0x0000000711b00000, 0x0000000711c00000, 0x0000000711c00000|100%| E|CS|TAMS 0x0000000711b00000, 0x0000000711b00000| Complete 

Card table byte_map: [0x000001f7dff80000,0x000001f7e0780000] _byte_map_base: 0x000001f7dc772000

Marking Bits (Prev, Next): (CMBitMap*) 0x000001f7c8197828, (CMBitMap*) 0x000001f7c8197860
 Prev Bits: [0x000001f7e0f80000, 0x000001f7e4f10000)
 Next Bits: [0x000001f7e4f10000, 0x000001f7e8ea0000)

Polling page: 0x000001f7c5e20000

Metaspace:

Usage:
  Non-class:     10.10 MB capacity,     9.99 MB ( 99%) used,    98.16 KB ( <1%) free+waste,    13.94 KB ( <1%) overhead. 
      Class:      1.03 MB capacity,   970.35 KB ( 92%) used,    74.52 KB (  7%) free+waste,     6.13 KB ( <1%) overhead. 
       Both:     11.12 MB capacity,    10.93 MB ( 98%) used,   172.68 KB (  2%) free+waste,    20.06 KB ( <1%) overhead. 

Virtual space:
  Non-class space:       12.00 MB reserved,      10.25 MB ( 85%) committed 
      Class space:        1.00 GB reserved,       1.13 MB ( <1%) committed 
             Both:        1.01 GB reserved,      11.38 MB (  1%) committed 

Chunk freelists:
   Non-Class:  3.63 KB
       Class:  640 bytes
        Both:  4.25 KB

CodeHeap 'non-profiled nmethods': size=120000Kb used=856Kb max_used=856Kb free=119143Kb
 bounds [0x000001f7d7f20000, 0x000001f7d8190000, 0x000001f7df450000]
CodeHeap 'profiled nmethods': size=120000Kb used=3689Kb max_used=3697Kb free=116310Kb
 bounds [0x000001f7d09f0000, 0x000001f7d0da0000, 0x000001f7d7f20000]
CodeHeap 'non-nmethods': size=5760Kb used=1091Kb max_used=1182Kb free=4668Kb
 bounds [0x000001f7d0450000, 0x000001f7d06c0000, 0x000001f7d09f0000]
 total_blobs=2265 nmethods=1486 adapters=290
 compilation: enabled
              stopped_count=0, restarted_count=0
 full_count=0

Compilation events (10 events):
Event: 171.094 Thread 0x000001f7ec31e000 nmethod 1532 0x000001f7d7f32390 code [0x000001f7d7f32520, 0x000001f7d7f32598]
Event: 183.140 Thread 0x000001f7ec31e000 1533       4       java.util.Properties::getProperty (50 bytes)
Event: 183.155 Thread 0x000001f7ec31e000 nmethod 1533 0x000001f7d7f5a610 code [0x000001f7d7f5a7e0, 0x000001f7d7f5b038]
Event: 191.073 Thread 0x000001f7ec31e000 1534       4       org.json.JSONObject::get (61 bytes)
Event: 191.084 Thread 0x000001f7ec31e000 nmethod 1534 0x000001f7d7ff3610 code [0x000001f7d7ff37e0, 0x000001f7d7ff3dc8]
Event: 194.466 Thread 0x000001f7ec369000 1535       3       java.io.WinNTFileSystem::resolve (275 bytes)
Event: 194.472 Thread 0x000001f7ec369000 nmethod 1535 0x000001f7d0d8d210 code [0x000001f7d0d8d760, 0x000001f7d0d904e0]
Event: 198.956 Thread 0x000001f7ec31e000 1537       4       java.util.ArrayList::add (25 bytes)
Event: 198.964 Thread 0x000001f7ec31e000 nmethod 1537 0x000001f7d7ff4690 code [0x000001f7d7ff4840, 0x000001f7d7ff4db8]
Event: 198.964 Thread 0x000001f7ec31e000 1538       4       java.util.HashMap::resize (356 bytes)

GC Heap History (6 events):
Event: 1.031 GC heap before
{Heap before GC invocations=0 (full 0):
 garbage-first heap   total 262144K, used 24576K [0x0000000701c00000, 0x0000000800000000)
  region size 1024K, 24 young (24576K), 0 survivors (0K)
 Metaspace       used 10569K, capacity 10805K, committed 11136K, reserved 1058816K
  class space    used 963K, capacity 1051K, committed 1152K, reserved 1048576K
}
Event: 1.034 GC heap after
{Heap after GC invocations=1 (full 0):
 garbage-first heap   total 262144K, used 3112K [0x0000000701c00000, 0x0000000800000000)
  region size 1024K, 3 young (3072K), 3 survivors (3072K)
 Metaspace       used 10569K, capacity 10805K, committed 11136K, reserved 1058816K
  class space    used 963K, capacity 1051K, committed 1152K, reserved 1048576K
}
Event: 68.123 GC heap before
{Heap before GC invocations=1 (full 0):
 garbage-first heap   total 262144K, used 156712K [0x0000000701c00000, 0x0000000800000000)
  region size 1024K, 153 young (156672K), 3 survivors (3072K)
 Metaspace       used 11106K, capacity 11262K, committed 11392K, reserved 1058816K
  class space    used 969K, capacity 1051K, committed 1152K, reserved 1048576K
}
Event: 68.126 GC heap after
{Heap after GC invocations=2 (full 0):
 garbage-first heap   total 262144K, used 3542K [0x0000000701c00000, 0x0000000800000000)
  region size 1024K, 4 young (4096K), 4 survivors (4096K)
 Metaspace       used 11106K, capacity 11262K, committed 11392K, reserved 1058816K
  class space    used 969K, capacity 1051K, committed 1152K, reserved 1048576K
}
Event: 156.104 GC heap before
{Heap before GC invocations=2 (full 0):
 garbage-first heap   total 262144K, used 156118K [0x0000000701c00000, 0x0000000800000000)
  region size 1024K, 153 young (156672K), 4 survivors (4096K)
 Metaspace       used 11193K, capacity 11390K, committed 11648K, reserved 1060864K
  class space    used 970K, capacity 1051K, committed 1152K, reserved 1048576K
}
Event: 156.107 GC heap after
{Heap after GC invocations=3 (full 0):
 garbage-first heap   total 262144K, used 3571K [0x0000000701c00000, 0x0000000800000000)
  region size 1024K, 4 young (4096K), 4 survivors (4096K)
 Metaspace       used 11193K, capacity 11390K, committed 11648K, reserved 1060864K
  class space    used 970K, capacity 1051K, committed 1152K, reserved 1048576K
}

Deoptimization events (10 events):
Event: 0.167 Thread 0x000001f7c8133000 Uncommon trap: reason=unstable_if action=reinterpret pc=0x000001f7d7f2ea34 method=java.util.HashMap.putVal(ILjava/lang/Object;Ljava/lang/Object;ZZ)Ljava/lang/Object; @ 181 c2
Event: 0.198 Thread 0x000001f7c8133000 Uncommon trap: reason=unstable_if action=reinterpret pc=0x000001f7d7f21c14 method=java.lang.String.isLatin1()Z @ 10 c2
Event: 0.200 Thread 0x000001f7c8133000 Uncommon trap: reason=unstable_if action=reinterpret pc=0x000001f7d7f32580 method=java.io.WinNTFileSystem.isSlash(C)Z @ 9 c2
Event: 0.909 Thread 0x000001f7ec9e4000 Uncommon trap: reason=unstable_if action=reinterpret pc=0x000001f7d7f5af58 method=org.sqlite.SQLiteJDBCLoader.contentsEquals(Ljava/io/InputStream;Ljava/io/InputStream;)Z @ 39 c2
Event: 1.081 Thread 0x000001f7eccbf800 Uncommon trap: reason=unstable_if action=reinterpret pc=0x000001f7d7f3c20c method=java.util.HashMap.putVal(ILjava/lang/Object;Ljava/lang/Object;ZZ)Ljava/lang/Object; @ 162 c2
Event: 6.027 Thread 0x000001f7eccbb000 Uncommon trap: reason=unstable_if action=reinterpret pc=0x000001f7d7f59b18 method=java.lang.AbstractStringBuilder.append(Ljava/lang/String;)Ljava/lang/AbstractStringBuilder; @ 1 c2
Event: 6.027 Thread 0x000001f7eccbb800 Uncommon trap: reason=unstable_if action=reinterpret pc=0x000001f7d7f59b18 method=java.lang.AbstractStringBuilder.append(Ljava/lang/String;)Ljava/lang/AbstractStringBuilder; @ 1 c2
Event: 6.028 Thread 0x000001f7eccbb000 Uncommon trap: reason=unstable_if action=reinterpret pc=0x000001f7d7f74010 method=java.lang.AbstractStringBuilder.append(Ljava/lang/String;)Ljava/lang/AbstractStringBuilder; @ 1 c2
Event: 6.033 Thread 0x000001f7eccbb800 Uncommon trap: reason=unstable_if action=reinterpret pc=0x000001f7d7f69b50 method=java.util.HashMap.putVal(ILjava/lang/Object;Ljava/lang/Object;ZZ)Ljava/lang/Object; @ 162 c2
Event: 121.623 Thread 0x000001f7eccc0800 Uncommon trap: reason=unstable_if action=reinterpret pc=0x000001f7d7f51544 method=java.util.HashMap.resize()[Ljava/util/HashMap$Node; @ 203 c2

Classes redefined (0 events):
No events

Internal exceptions (10 events):
Event: 0.874 Thread 0x000001f7ec9e4000 Exception <a 'java/lang/NoSuchMethodError'{0x00000007110403e8}: java.lang.invoke.DirectMethodHandle$Holder.invokeStaticInit(Ljava/lang/Object;Ljava/lang/Object;IIII)Ljava/lang/Object;> (0x00000007110403e8) thrown at [t:/workspace/open/src/hotspot/share/in
Event: 1.213 Thread 0x000001f7eccbb800 Exception <a 'java/io/FileNotFoundException'{0x000000070f88f010}> (0x000000070f88f010) thrown at [t:/workspace/open/src/hotspot/share/prims/jni.cpp, line 615]
Event: 1.213 Thread 0x000001f7eccbb800 Exception <a 'java/io/FileNotFoundException'{0x000000070f88f950}> (0x000000070f88f950) thrown at [t:/workspace/open/src/hotspot/share/prims/jni.cpp, line 615]
Event: 6.027 Thread 0x000001f7eccbb000 Implicit null exception at 0x000001f7d7f595f4 to 0x000001f7d7f59afe
Event: 6.027 Thread 0x000001f7eccbb800 Implicit null exception at 0x000001f7d7f595f4 to 0x000001f7d7f59afe
Event: 6.028 Thread 0x000001f7eccbb000 Implicit null exception at 0x000001f7d7f73af4 to 0x000001f7d7f73ff6
Event: 18.150 Thread 0x000001f7eccbf000 Exception <a 'java/io/FileNotFoundException'{0x000000070d28ef60}> (0x000000070d28ef60) thrown at [t:/workspace/open/src/hotspot/share/prims/jni.cpp, line 615]
Event: 18.151 Thread 0x000001f7eccbf000 Exception <a 'java/io/FileNotFoundException'{0x000000070d28f798}> (0x000000070d28f798) thrown at [t:/workspace/open/src/hotspot/share/prims/jni.cpp, line 615]
Event: 194.587 Thread 0x000001f7eccbf800 Exception <a 'java/io/FileNotFoundException'{0x000000070d40ed58}> (0x000000070d40ed58) thrown at [t:/workspace/open/src/hotspot/share/prims/jni.cpp, line 615]
Event: 194.588 Thread 0x000001f7eccbf800 Exception <a 'java/io/FileNotFoundException'{0x000000070d40f488}> (0x000000070d40f488) thrown at [t:/workspace/open/src/hotspot/share/prims/jni.cpp, line 615]

Events (10 events):
Event: 198.956 Thread 0x000001f7eccbe000 Thread added: 0x000001f7eccbe000
Event: 198.959 Thread 0x000001f7eccbf800 Thread added: 0x000001f7eccbf800
Event: 198.961 Thread 0x000001f7eccbd000 Thread added: 0x000001f7eccbd000
Event: 198.963 Thread 0x000001f7eccc0800 Thread added: 0x000001f7eccc0800
Event: 198.963 Thread 0x000001f7eccbd000 Thread exited: 0x000001f7eccbd000
Event: 198.966 Thread 0x000001f7eccc0800 Thread exited: 0x000001f7eccc0800
Event: 198.966 Thread 0x000001f7eccc0800 Thread added: 0x000001f7eccc0800
Event: 198.967 Thread 0x000001f7eccbb000 Thread added: 0x000001f7eccbb000
Event: 198.968 Thread 0x000001f7eccc0800 Thread exited: 0x000001f7eccc0800
Event: 198.968 Thread 0x000001f7eccbb000 Thread exited: 0x000001f7eccbb000


Dynamic libraries:
0x00007ff76b3e0000 - 0x00007ff76b427000 	C:\Program Files\Java\jdk-11.0.1\bin\java.exe
0x00007ffa4ae50000 - 0x00007ffa4b031000 	C:\WINDOWS\SYSTEM32\ntdll.dll
0x00007ffa49540000 - 0x00007ffa495f1000 	C:\WINDOWS\System32\KERNEL32.DLL
0x00007ffa47900000 - 0x00007ffa47b73000 	C:\WINDOWS\System32\KERNELBASE.dll
0x00007ffa48840000 - 0x00007ffa488e1000 	C:\WINDOWS\System32\ADVAPI32.dll
0x00007ffa483a0000 - 0x00007ffa4843e000 	C:\WINDOWS\System32\msvcrt.dll
0x00007ffa49250000 - 0x00007ffa492ab000 	C:\WINDOWS\System32\sechost.dll
0x00007ffa492b0000 - 0x00007ffa493d4000 	C:\WINDOWS\System32\RPCRT4.dll
0x00007ffa49760000 - 0x00007ffa498f0000 	C:\WINDOWS\System32\USER32.dll
0x00007ffa475d0000 - 0x00007ffa475f0000 	C:\WINDOWS\System32\win32u.dll
0x00007ffa49440000 - 0x00007ffa49468000 	C:\WINDOWS\System32\GDI32.dll
0x00007ffa47220000 - 0x00007ffa473b1000 	C:\WINDOWS\System32\gdi32full.dll
0x00007ffa477e0000 - 0x00007ffa4787f000 	C:\WINDOWS\System32\msvcp_win.dll
0x00007ffa474d0000 - 0x00007ffa475c8000 	C:\WINDOWS\System32\ucrtbase.dll
0x00007ffa39d50000 - 0x00007ffa39fb9000 	C:\WINDOWS\WinSxS\amd64_microsoft.windows.common-controls_6595b64144ccf1df_6.0.17134.950_none_fb3da4273069d3e0\COMCTL32.dll
0x00007ffa41f40000 - 0x00007ffa41f4a000 	C:\WINDOWS\SYSTEM32\VERSION.dll
0x00007ffa488f0000 - 0x00007ffa48c12000 	C:\WINDOWS\System32\combase.dll
0x00007ffa47880000 - 0x00007ffa478f9000 	C:\WINDOWS\System32\bcryptPrimitives.dll
0x00007ffa49510000 - 0x00007ffa4953d000 	C:\WINDOWS\System32\IMM32.DLL
0x00007ffa44080000 - 0x00007ffa44096000 	C:\Program Files\Java\jdk-11.0.1\bin\vcruntime140.dll
0x00007ffa3ebe0000 - 0x00007ffa3ec8a000 	C:\Program Files\Java\jdk-11.0.1\bin\msvcp140.dll
0x00007ffa14810000 - 0x00007ffa15352000 	C:\Program Files\Java\jdk-11.0.1\bin\server\jvm.dll
0x00007ffa48510000 - 0x00007ffa48518000 	C:\WINDOWS\System32\PSAPI.DLL
0x00007ffa2da20000 - 0x00007ffa2da29000 	C:\WINDOWS\SYSTEM32\WSOCK32.dll
0x00007ffa43cb0000 - 0x00007ffa43cd3000 	C:\WINDOWS\SYSTEM32\WINMM.dll
0x00007ffa48520000 - 0x00007ffa4858c000 	C:\WINDOWS\System32\WS2_32.dll
0x00007ffa43c60000 - 0x00007ffa43c8a000 	C:\WINDOWS\SYSTEM32\winmmbase.dll
0x00007ffa47b80000 - 0x00007ffa47bc9000 	C:\WINDOWS\System32\cfgmgr32.dll
0x00007ffa47200000 - 0x00007ffa47211000 	C:\WINDOWS\System32\kernel.appcore.dll
0x00007ffa44060000 - 0x00007ffa44071000 	C:\Program Files\Java\jdk-11.0.1\bin\verify.dll
0x00007ffa31620000 - 0x00007ffa317e9000 	C:\WINDOWS\SYSTEM32\DBGHELP.DLL
0x00007ffa31010000 - 0x00007ffa31039000 	C:\WINDOWS\SYSTEM32\dbgcore.DLL
0x00007ffa44030000 - 0x00007ffa44059000 	C:\Program Files\Java\jdk-11.0.1\bin\java.dll
0x00007ffa1bbf0000 - 0x00007ffa1bc1f000 	C:\Program Files\Java\jdk-11.0.1\bin\instrument.dll
0x00007ffa43fb0000 - 0x00007ffa43fc6000 	C:\Program Files\Java\jdk-11.0.1\bin\zip.dll
0x00007ffa44010000 - 0x00007ffa4401a000 	C:\Program Files\Java\jdk-11.0.1\bin\jimage.dll
0x00007ffa499e0000 - 0x00007ffa4ae20000 	C:\WINDOWS\System32\SHELL32.dll
0x00007ffa482e0000 - 0x00007ffa48389000 	C:\WINDOWS\System32\shcore.dll
0x00007ffa47bd0000 - 0x00007ffa482dd000 	C:\WINDOWS\System32\windows.storage.dll
0x00007ffa48c20000 - 0x00007ffa48c71000 	C:\WINDOWS\System32\shlwapi.dll
0x00007ffa47190000 - 0x00007ffa471af000 	C:\WINDOWS\System32\profapi.dll
0x00007ffa471b0000 - 0x00007ffa471fc000 	C:\WINDOWS\System32\powrprof.dll
0x00007ffa47180000 - 0x00007ffa4718a000 	C:\WINDOWS\System32\FLTLIB.DLL
0x00007ffa43680000 - 0x00007ffa43699000 	C:\Program Files\Java\jdk-11.0.1\bin\net.dll
0x00007ffa3f160000 - 0x00007ffa3f23d000 	C:\WINDOWS\SYSTEM32\WINHTTP.dll
0x00007ffa469e0000 - 0x00007ffa46a46000 	C:\WINDOWS\system32\mswsock.dll
0x00007ffa424a0000 - 0x00007ffa424b3000 	C:\Program Files\Java\jdk-11.0.1\bin\nio.dll
0x00007ffa3ebc0000 - 0x00007ffa3ebda000 	D:\IntelliJ IDEA 2018.2.4\bin\breakgen64.dll
0x00007ffa46ba0000 - 0x00007ffa46bb7000 	C:\WINDOWS\SYSTEM32\CRYPTSP.dll
0x00007ffa46590000 - 0x00007ffa465c3000 	C:\WINDOWS\system32\rsaenh.dll
0x00007ffa46cc0000 - 0x00007ffa46ce5000 	C:\WINDOWS\SYSTEM32\bcrypt.dll
0x00007ffa47090000 - 0x00007ffa470b8000 	C:\WINDOWS\SYSTEM32\USERENV.dll
0x00007ffa46b90000 - 0x00007ffa46b9b000 	C:\WINDOWS\SYSTEM32\CRYPTBASE.dll
0x00007ffa46730000 - 0x00007ffa46768000 	C:\WINDOWS\SYSTEM32\IPHLPAPI.DLL
0x00007ffa48390000 - 0x00007ffa48398000 	C:\WINDOWS\System32\NSI.dll
0x00007ffa3fbe0000 - 0x00007ffa3fbf6000 	C:\WINDOWS\SYSTEM32\dhcpcsvc6.DLL
0x00007ffa3faf0000 - 0x00007ffa3fb0a000 	C:\WINDOWS\SYSTEM32\dhcpcsvc.DLL
0x0000000061c40000 - 0x0000000061d0b000 	C:\Users\tilan\AppData\Local\Temp\sqlite-3.27.2.1-25231e77-3a11-493a-9e4d-b5fe4eaca895-sqlitejdbc.dll

dbghelp: loaded successfully - version: 4.0.5 - missing functions: none
symbol engine: initialized successfully - sym options: 0x614 - pdb path: .;C:\Program Files\Java\jdk-11.0.1\bin;C:\WINDOWS\SYSTEM32;C:\WINDOWS\WinSxS\amd64_microsoft.windows.common-controls_6595b64144ccf1df_6.0.17134.950_none_fb3da4273069d3e0;C:\Program Files\Java\jdk-11.0.1\bin\server;D:\IntelliJ IDEA 2018.2.4\bin;C:\Users\tilan\AppData\Local\Temp

VM Arguments:
jvm_args: -javaagent:D:\IntelliJ IDEA 2018.2.4\lib\idea_rt.jar=59992:D:\IntelliJ IDEA 2018.2.4\bin -Dfile.encoding=UTF-8 
java_command: Main
java_class_path (initial): C:\Program Files\Java\jdk-11.0.1;D:\Uni\CS\Cos301\Capstone\git\Real-time-Fire-Escape-Routes\Real-time-Fire-Escape-Routes\RTFE_Server\sqlite-jdbc-3.27.2.1.jar;D:\Uni\CS\Cos301\Capstone\git\Real-time-Fire-Escape-Routes\Real-time-Fire-Escape-Routes\RTFE_Server\out\production\classes;C:\Users\tilan\.gradle\caches\modules-2\files-2.1\junit\junit\4.12\2973d150c0dc1fefe998f834810d68f278ea58ec\junit-4.12.jar;C:\Users\tilan\.gradle\caches\modules-2\files-2.1\org.mockito\mockito-core\1.9.5\c3264abeea62c4d2f367e21484fbb40c7e256393\mockito-core-1.9.5.jar;C:\Users\tilan\.gradle\caches\modules-2\files-2.1\com.mashape.unirest\unirest-java\1.3.1\522c340270b9365fbaf5041f740e17f22744d741\unirest-java-1.3.1.jar;C:\Users\tilan\.gradle\caches\modules-2\files-2.1\org.json\json\20171018\36ced462c97f0845b4a7b266a25cebe95d18baa3\json-20171018.jar;C:\Users\tilan\.gradle\caches\modules-2\files-2.1\org.jboss.arquillian.junit\arquillian-junit-container\1.4.1.Final\e524d9473b0ffd30bc5925c706d9b6054f035a4d\arquillian-junit-container-1.4.1.Final.jar;C:\Users\tilan\.gradle\caches\modules-2\files-2.1\org.jboss.modules\jboss-modules\1.3.3.Final\8ef8e89dbb895e91969cb86f423a468c11404fa8\jboss-modules-1.3.3.Final.jar;C:\Users\tilan\.gradle\caches\modules-2\files-2.1\org.hamcrest\hamcrest-core\1.3\42a25dc3219429f0e5d060061f71acb49bf010a0\hamcrest-core-1.3.jar;C:\Users\tilan\.gradle\caches\modules-2\files-2.1\org.objenesis\objenesis\1.0\9b473564e792c2bdf1449da1f0b1b5bff9805704\objenesis-1.0.jar;C:\Users\tilan\.gradle\caches\modules-2\files-2.1\org.jboss.arquillian.junit\arquillian-junit-core\1.4.1.Final\78594732015c2cbffd75b38fb617a34eff40535\arquillian-junit-core-1.4.1.Final.jar;C:\Users\tilan\.gradle\caches\modules-2\files-2.1\org.jboss.arquillian.container\arquillian-container-test-impl-base\1.4.1.Final\4005d1bde32f6a42f0229d4c669cb4c5e07e7b99\arquillian-container-test-impl-base-1.4.1.Final.jar;C:\Users\tilan\.gradle\caches\modules-2\files-2.1\org.jboss.arquillian.container
Launcher Type: SUN_STANDARD

[Global flags]
     intx CICompilerCount                          = 4                                         {product} {ergonomic}
     uint ConcGCThreads                            = 2                                         {product} {ergonomic}
     uint G1ConcRefinementThreads                  = 8                                         {product} {ergonomic}
   size_t G1HeapRegionSize                         = 1048576                                   {product} {ergonomic}
    uintx GCDrainStackTargetSize                   = 64                                        {product} {ergonomic}
   size_t InitialHeapSize                          = 268435456                                 {product} {ergonomic}
   size_t MarkStackSize                            = 4194304                                   {product} {ergonomic}
   size_t MaxHeapSize                              = 4265607168                                {product} {ergonomic}
   size_t MaxNewSize                               = 2558525440                                {product} {ergonomic}
   size_t MinHeapDeltaBytes                        = 1048576                                   {product} {ergonomic}
    uintx NonNMethodCodeHeapSize                   = 5835340                                {pd product} {ergonomic}
    uintx NonProfiledCodeHeapSize                  = 122911450                              {pd product} {ergonomic}
    uintx ProfiledCodeHeapSize                     = 122911450                              {pd product} {ergonomic}
    uintx ReservedCodeCacheSize                    = 251658240                              {pd product} {ergonomic}
     bool SegmentedCodeCache                       = true                                      {product} {ergonomic}
     bool UseCompressedClassPointers               = true                                 {lp64_product} {ergonomic}
     bool UseCompressedOops                        = true                                 {lp64_product} {ergonomic}
     bool UseG1GC                                  = true                                      {product} {ergonomic}
     bool UseLargePagesIndividualAllocation        = false                                  {pd product} {ergonomic}

Logging:
Log output configuration:
 #0: stdout all=warning uptime,level,tags
 #1: stderr all=off uptime,level,tags

Environment Variables:
PATH=C:\ProgramData\Oracle\Java\javapath;C:\Program Files (x86)\Common Files\Oracle\Java\javapath;C:\Program Files (x86)\Razer Chroma SDK\bin;C:\Program Files\Razer Chroma SDK\bin;C:\Program Files (x86)\Intel\iCLS Client\;C:\Program Files\Intel\iCLS Client\;C:\Windows\system32;C:\Windows;C:\Windows\System32\Wbem;C:\Windows\System32\WindowsPowerShell\v1.0\;C:\Program Files\Intel\WiFi\bin\;C:\Program Files\Common Files\Intel\WirelessCommon\;C:\Program Files (x86)\NVIDIA Corporation\PhysX\Common;C:\Program Files (x86)\Intel\Intel(R) Management Engine Components\DAL;C:\Program Files\Intel\Intel(R) Management Engine Components\DAL;C:\Program Files (x86)\Intel\Intel(R) Management Engine Components\IPT;C:\Program Files\Intel\Intel(R) Management Engine Components\IPT;C:\WINDOWS\system32;C:\WINDOWS;C:\WINDOWS\System32\Wbem;C:\WINDOWS\System32\WindowsPowerShell\v1.0\;D:\programs\Microsoft SQL Server\120\DTS\Binn\;D:\programs\Microsoft SQL Server\Client SDK\ODBC\110\Tools\Binn\;D:\programs\Microsoft SQL Server\120\Tools\Binn\;C:\WINDOWS\system32\config\systemprofile\AppData\Local\Microsoft\WindowsApps;C:\WINDOWS\system32;C:\WINDOWS;C:\WINDOWS\System32\Wbem;C:\WINDOWS\System32\WindowsPowerShell\v1.0\;C:\WINDOWS\System32\OpenSSH\;D:\;D:\Git\cmd;C:\Program Files\dotnet\;C:\Program Files\Microsoft SQL Server\130\Tools\Binn\;C:\Program Files (x86)\Microsoft Visual Studio\Shared\Python37_64\Scripts;C:\Users\tilan\AppData\Local\Microsoft\WindowsApps;C:\Users\tilan\AppData\Local\Microsoft\WindowsApps;C:\Users\tilan\AppData\Roaming\npm;D:\programs\MiKTeX\miktex\bin\x64\;C:\Users\tilan\AppData\Local\atom\bin
USERNAME=tilan
OS=Windows_NT
PROCESSOR_IDENTIFIER=Intel64 Family 6 Model 158 Stepping 9, GenuineIntel



---------------  S Y S T E M  ---------------

OS: Windows 10 , 64 bit Build 17134 (10.0.17134.753)

CPU:total 8 (initial active 8) (4 cores per cpu, 2 threads per core) family 6 model 158 stepping 9, cmov, cx8, fxsr, mmx, sse, sse2, sse3, ssse3, sse4.1, sse4.2, popcnt, avx, avx2, aes, clmul, erms, 3dnowpref, lzcnt, ht, tsc, tscinvbit, bmi1, bmi2, adx, fma

Memory: 4k page, system-wide physical 16268M (6741M free)
TotalPageFile size 22239M (AvailPageFile size 6589M)
current process WorkingSet (physical memory assigned to process): 264M, peak: 264M
current process commit charge ("private bytes"): 522M, peak: 522M

vm_info: Java HotSpot(TM) 64-Bit Server VM (11.0.1+13-LTS) for windows-amd64 JRE (11.0.1+13-LTS), built on Oct  6 2018 13:20:16 by "mach5one" with MS VC++ 15.5 (VS2017)

END.
