#
# A fatal error has been detected by the Java Runtime Environment:
#
#  EXCEPTION_ACCESS_VIOLATION (0xc0000005) at pc=0x0000000061c5258f, pid=14060, tid=10188
#
# JRE version: Java(TM) SE Runtime Environment (10.0.1+10) (build 10.0.1+10)
# Java VM: Java HotSpot(TM) 64-Bit Server VM (10.0.1+10, mixed mode, tiered, compressed oops, g1 gc, windows-amd64)
# Problematic frame:
# C  [sqlite-3.27.2.1-a1b8883b-284d-4829-b5d1-885ef8959351-sqlitejdbc.dll+0x1258f]
#
# No core dump will be written. Minidumps are not enabled by default on client versions of Windows
#
# If you would like to submit a bug report, please visit:
#   http://bugreport.java.com/bugreport/crash.jsp
# The crash happened outside the Java Virtual Machine in native code.
# See problematic frame for where to report the bug.
#

---------------  S U M M A R Y ------------

Command Line: -javaagent:C:\Program Files\JetBrains\IntelliJ IDEA Community Edition 2018.1.1\lib\idea_rt.jar=62714:C:\Program Files\JetBrains\IntelliJ IDEA Community Edition 2018.1.1\bin -Dfile.encoding=UTF-8 Main

Host: Intel(R) Core(TM) i3-5005U CPU @ 2.00GHz, 4 cores, 3G,  Windows 10 , 64 bit Build 18362 (10.0.18362.86)
Time: Wed Aug 21 21:25:50 2019 South Africa Standard Time elapsed time: 2257 seconds (0d 0h 37m 37s)

---------------  T H R E A D  ---------------

Current thread (0x0000015bb1f80000):  JavaThread "Thread-2576" [_thread_in_native, id=10188, stack(0x0000001f86300000,0x0000001f86400000)]

Stack: [0x0000001f86300000,0x0000001f86400000],  sp=0x0000001f863fedb0,  free space=1019k
Native frames: (J=compiled Java code, j=interpreted, Vv=VM code, C=native code)
C  [sqlite-3.27.2.1-a1b8883b-284d-4829-b5d1-885ef8959351-sqlitejdbc.dll+0x1258f]

Java frames: (J=compiled Java code, j=interpreted, Vv=VM code)
j  org.sqlite.core.NativeDB.column_int(JI)I+0
j  org.sqlite.jdbc3.JDBC3ResultSet.getInt(I)I+18
j  org.sqlite.jdbc3.JDBC3ResultSet.getInt(Ljava/lang/String;)I+6
j  ApiEndpoints.Database.search(Ljava/lang/String;Ljava/lang/String;)Z+183
j  ApiEndpoints.WebAPI.login(Ljava/lang/String;Ljava/lang/String;)Lorg/json/JSONObject;+13
j  ApiEndpoints.WebAPI.handleRequest(Lorg/json/JSONObject;)Lorg/json/JSONObject;+580
J 1192 c2 HTTPServer$HTTPClientConnection.run()V (1786 bytes) @ 0x0000015ba4f8373c [0x0000015ba4f81960+0x0000000000001ddc]
J 1291 c1 java.lang.Thread.run()V java.base@10.0.1 (17 bytes) @ 0x0000015b9d9f3314 [0x0000015b9d9f31e0+0x0000000000000134]
v  ~StubRoutines::call_stub

siginfo: EXCEPTION_ACCESS_VIOLATION (0xc0000005), reading address 0x0000000000000018


Register to memory mapping:

RIP=0x0000000061c5258f sqlite-3.27.2.1-a1b8883b-284d-4829-b5d1-885ef8959351-sqlitejdbc.dll
RAX=0x0000000000000000 is an unknown value
RBX=0x0000000000000000 is an unknown value
RCX=0x0000015bb2972fe8 is an unknown value
RDX=0x0000000000000000 is an unknown value
RSP=0x0000001f863fedb0 is pointing into the stack for thread: 0x0000015bb1f80000
RBP=0x0000001f863feed0 is pointing into the stack for thread: 0x0000015bb1f80000
RSI=0x0000015bb2972fe8 is an unknown value
RDI=0x0000000000000188 is an unknown value
R8 =0x0000015bb2972fe8 is an unknown value
R9 =0x0000000000000000 is an unknown value
R10=0x0000015b9d450015 is at code_begin+1429 in an Interpreter codelet
method entry point (kind = native_synchronized)  [0x0000015b9d44fa80, 0x0000015b9d4507a0]  3360 bytes
R11=0x0000000080000121 is an unknown value
R12=0x0000000000000000 is an unknown value
R13={method} {0x0000015bb1296ed8} 'column_int' '(JI)I' in 'org/sqlite/core/NativeDB'
R14=0x0000001f863fef08 is pointing into the stack for thread: 0x0000015bb1f80000
R15=0x0000015bb1f80000 is a thread


Registers:
RAX=0x0000000000000000, RBX=0x0000000000000000, RCX=0x0000015bb2972fe8, RDX=0x0000000000000000
RSP=0x0000001f863fedb0, RBP=0x0000001f863feed0, RSI=0x0000015bb2972fe8, RDI=0x0000000000000188
R8 =0x0000015bb2972fe8, R9 =0x0000000000000000, R10=0x0000015b9d450015, R11=0x0000000080000121
R12=0x0000000000000000, R13=0x0000015bb1296ed0, R14=0x0000001f863fef08, R15=0x0000015bb1f80000
RIP=0x0000000061c5258f, EFLAGS=0x0000000000010206

Top of Stack: (sp=0x0000001f863fedb0)
0x0000001f863fedb0:   0000015bb1f91902 0000000071e4eb07
0x0000001f863fedc0:   0000001f863fee78 0000001f863fef08
0x0000001f863fedd0:   0000015b00000001 0000015bb2972fe8
0x0000001f863fede0:   0000015bb2875dd0 0000000061c525e7
0x0000001f863fedf0:   0000015bb1d4a8e8 0000015bb1f80000
0x0000001f863fee00:   0000015bb2875dd0 0000015bb27dea80
0x0000001f863fee10:   0000001f863ff5d8 0000000071b53429
0x0000001f863fee20:   0000015bb1296ed0 0000015b9d450044
0x0000001f863fee30:   0000015bb27deab8 0000000000000000
0x0000001f863fee40:   0000000000000188 0000015b9d44fd6d
0x0000001f863fee50:   0000000000000002 0000015bb2875dd0
0x0000001f863fee60:   0000001f863fef58 0000015b9db604f4
0x0000001f863fee70:   0000015b9d44fd14 0000000000000003
0x0000001f863fee80:   00000000c16227f8 0000001f863fee78
0x0000001f863fee90:   0000015bb1296ed0 0000001f863fef08
0x0000001f863feea0:   0000015bb2713988 0000000000000000 

Instructions: (pc=0x0000000061c5258f)
0x0000000061c5256f:   83 c4 20 5b c3 56 53 48 83 ec 28 48 8d 05 3f 8a
0x0000000061c5257f:   09 00 48 85 c9 48 89 ce 48 63 da 74 47 48 8b 01
0x0000000061c5258f:   48 8b 48 18 e8 99 13 ff ff 48 8b 86 a0 00 00 00
0x0000000061c5259f:   48 85 c0 74 1b 0f b7 96 c0 00 00 00 39 da 7e 10 



---------------  P R O C E S S  ---------------

Threads class SMR info:
_java_thread_list=0x0000015bb1df54e0, length=14, elements={
0x0000015bb162d000, 0x0000015bb162e000, 0x0000015bb1685800, 0x0000015bb1688800,
0x0000015bb1689800, 0x0000015bb168c000, 0x0000015bb17ea000, 0x0000015bb17f7000,
0x0000015bb1b60800, 0x0000015bb1d48800, 0x0000015bb1d49000, 0x0000015bb1d5e800,
0x0000015b920bf800, 0x0000015bb1f80000
}

Java Threads: ( => current thread )
  0x0000015bb162d000 JavaThread "Reference Handler" daemon [_thread_blocked, id=22144, stack(0x0000001f87200000,0x0000001f87300000)]
  0x0000015bb162e000 JavaThread "Finalizer" daemon [_thread_blocked, id=17528, stack(0x0000001f87300000,0x0000001f87400000)]
  0x0000015bb1685800 JavaThread "Signal Dispatcher" daemon [_thread_blocked, id=1444, stack(0x0000001f87400000,0x0000001f87500000)]
  0x0000015bb1688800 JavaThread "Attach Listener" daemon [_thread_blocked, id=21012, stack(0x0000001f87500000,0x0000001f87600000)]
  0x0000015bb1689800 JavaThread "C2 CompilerThread0" daemon [_thread_blocked, id=12740, stack(0x0000001f87600000,0x0000001f87700000)]
  0x0000015bb168c000 JavaThread "C2 CompilerThread1" daemon [_thread_blocked, id=24200, stack(0x0000001f87700000,0x0000001f87800000)]
  0x0000015bb17ea000 JavaThread "C1 CompilerThread2" daemon [_thread_in_native, id=1844, stack(0x0000001f87800000,0x0000001f87900000)]
  0x0000015bb17f7000 JavaThread "Sweeper thread" daemon [_thread_blocked, id=6124, stack(0x0000001f87900000,0x0000001f87a00000)]
  0x0000015bb1b60800 JavaThread "Common-Cleaner" daemon [_thread_blocked, id=20316, stack(0x0000001f87a00000,0x0000001f87b00000)]
  0x0000015bb1d48800 JavaThread "Monitor Ctrl-Break" daemon [_thread_in_native, id=9148, stack(0x0000001f87b00000,0x0000001f87c00000)]
  0x0000015bb1d49000 JavaThread "Service Thread" daemon [_thread_blocked, id=1924, stack(0x0000001f87c00000,0x0000001f87d00000)]
  0x0000015bb1d5e800 JavaThread "Thread-0" [_thread_in_native, id=24136, stack(0x0000001f87e00000,0x0000001f87f00000)]
  0x0000015b920bf800 JavaThread "DestroyJavaVM" [_thread_blocked, id=9456, stack(0x0000001f86500000,0x0000001f86600000)]
=>0x0000015bb1f80000 JavaThread "Thread-2576" [_thread_in_native, id=10188, stack(0x0000001f86300000,0x0000001f86400000)]

Other Threads:
  0x0000015bb1629000 VMThread "VM Thread" [stack: 0x0000001f87100000,0x0000001f87200000] [id=12428]
  0x0000015bb1d5d800 WatcherThread [stack: 0x0000001f87d00000,0x0000001f87e00000] [id=8964]
  0x0000015b920d7800 GCTaskThread "GC Thread#0" [stack: 0x0000001f86600000,0x0000001f86700000] [id=2592]
  0x0000015b920d8800 GCTaskThread "GC Thread#1" [stack: 0x0000001f86700000,0x0000001f86800000] [id=20400]
  0x0000015b920db000 GCTaskThread "GC Thread#2" [stack: 0x0000001f86800000,0x0000001f86900000] [id=23792]
  0x0000015b920dc800 GCTaskThread "GC Thread#3" [stack: 0x0000001f86900000,0x0000001f86a00000] [id=19340]
  0x0000015b92116000 ConcurrentGCThread "G1 Main Marker" [stack: 0x0000001f86a00000,0x0000001f86b00000] [id=8008]
  0x0000015b92117800 ConcurrentGCThread "G1 Conc#0" [stack: 0x0000001f86b00000,0x0000001f86c00000] [id=19464]
  0x0000015b9216a000 ConcurrentGCThread "G1 Refine#0" [stack: 0x0000001f86c00000,0x0000001f86d00000] [id=18312]
  0x0000015b9216b000 ConcurrentGCThread "G1 Refine#1" [stack: 0x0000001f86d00000,0x0000001f86e00000] [id=23920]
  0x0000015b9216c000 ConcurrentGCThread "G1 Refine#2" [stack: 0x0000001f86e00000,0x0000001f86f00000] [id=22712]
  0x0000015b9216f000 ConcurrentGCThread "G1 Refine#3" [stack: 0x0000001f86f00000,0x0000001f87000000] [id=8012]
  0x0000015b92170000 ConcurrentGCThread "G1 Young RemSet Sampling" [stack: 0x0000001f87000000,0x0000001f87100000] [id=18620]

Threads with active compile tasks:
C1 CompilerThread21437       3       jdk.internal.jimage.ImageStringsReader::charsFromByteBufferLength (47 bytes)

VM state:not at safepoint (normal execution)

VM Mutex/Monitor currently owned by a thread: None

Heap address: 0x00000000c1400000, size: 1004 MB, Compressed Oops mode: 32-bit
Narrow klass base: 0x0000000000000000, Narrow klass shift: 3
Compressed class space size: 1073741824 Address: 0x0000000100000000

Heap:
 garbage-first heap   total 65536K, used 13880K [0x00000000c1400000, 0x0000000100000000)
  region size 1024K, 11 young (11264K), 1 survivors (1024K)
 Metaspace       used 10991K, capacity 11155K, committed 11264K, reserved 1058816K
  class space    used 924K, capacity 1023K, committed 1024K, reserved 1048576K
Heap Regions: E=young(eden), S=young(survivor), O=old, HS=humongous(starts), HC=humongous(continues), CS=collection set, F=free, A=archive, TS=gc time stamp, AC=allocation context, TAMS=top-at-mark-start (previous, next)
|   0|0x00000000c1400000, 0x00000000c1500000, 0x00000000c1500000|100%| O|  |TS  1|AC  0|TAMS 0x00000000c1400000, 0x00000000c1400000|
|   1|0x00000000c1500000, 0x00000000c1600000, 0x00000000c1600000|100%| O|  |TS  2|AC  0|TAMS 0x00000000c1500000, 0x00000000c1500000|
|   2|0x00000000c1600000, 0x00000000c1700000, 0x00000000c1700000|100%| O|  |TS  2|AC  0|TAMS 0x00000000c1600000, 0x00000000c1600000|
|   3|0x00000000c1700000, 0x00000000c1779c00, 0x00000000c1800000| 47%| O|  |TS 27|AC  0|TAMS 0x00000000c1700000, 0x00000000c1700000|
|   4|0x00000000c1800000, 0x00000000c1900000, 0x00000000c1900000|100%|HS|  |TS 27|AC  0|TAMS 0x00000000c1800000, 0x00000000c1800000|
|   5|0x00000000c1900000, 0x00000000c1900000, 0x00000000c1a00000|  0%| F|  |TS  0|AC  0|TAMS 0x00000000c1900000, 0x00000000c1900000|
|   6|0x00000000c1a00000, 0x00000000c1a00000, 0x00000000c1b00000|  0%| F|  |TS  0|AC  0|TAMS 0x00000000c1a00000, 0x00000000c1a00000|
|   7|0x00000000c1b00000, 0x00000000c1b00000, 0x00000000c1c00000|  0%| F|  |TS  0|AC  0|TAMS 0x00000000c1b00000, 0x00000000c1b00000|
|   8|0x00000000c1c00000, 0x00000000c1c00000, 0x00000000c1d00000|  0%| F|  |TS  0|AC  0|TAMS 0x00000000c1c00000, 0x00000000c1c00000|
|   9|0x00000000c1d00000, 0x00000000c1d00000, 0x00000000c1e00000|  0%| F|  |TS  0|AC  0|TAMS 0x00000000c1d00000, 0x00000000c1d00000|
|  10|0x00000000c1e00000, 0x00000000c1e00000, 0x00000000c1f00000|  0%| F|  |TS  0|AC  0|TAMS 0x00000000c1e00000, 0x00000000c1e00000|
|  11|0x00000000c1f00000, 0x00000000c1f00000, 0x00000000c2000000|  0%| F|  |TS  0|AC  0|TAMS 0x00000000c1f00000, 0x00000000c1f00000|
|  12|0x00000000c2000000, 0x00000000c2000000, 0x00000000c2100000|  0%| F|  |TS  0|AC  0|TAMS 0x00000000c2000000, 0x00000000c2000000|
|  13|0x00000000c2100000, 0x00000000c2100000, 0x00000000c2200000|  0%| F|  |TS  0|AC  0|TAMS 0x00000000c2100000, 0x00000000c2100000|
|  14|0x00000000c2200000, 0x00000000c2200000, 0x00000000c2300000|  0%| F|  |TS  0|AC  0|TAMS 0x00000000c2200000, 0x00000000c2200000|
|  15|0x00000000c2300000, 0x00000000c2300000, 0x00000000c2400000|  0%| F|  |TS  0|AC  0|TAMS 0x00000000c2300000, 0x00000000c2300000|
|  16|0x00000000c2400000, 0x00000000c2400000, 0x00000000c2500000|  0%| F|  |TS  0|AC  0|TAMS 0x00000000c2400000, 0x00000000c2400000|
|  17|0x00000000c2500000, 0x00000000c2500000, 0x00000000c2600000|  0%| F|  |TS  0|AC  0|TAMS 0x00000000c2500000, 0x00000000c2500000|
|  18|0x00000000c2600000, 0x00000000c2600000, 0x00000000c2700000|  0%| F|  |TS  0|AC  0|TAMS 0x00000000c2600000, 0x00000000c2600000|
|  19|0x00000000c2700000, 0x00000000c2700000, 0x00000000c2800000|  0%| F|  |TS  0|AC  0|TAMS 0x00000000c2700000, 0x00000000c2700000|
|  20|0x00000000c2800000, 0x00000000c2800000, 0x00000000c2900000|  0%| F|  |TS  0|AC  0|TAMS 0x00000000c2800000, 0x00000000c2800000|
|  21|0x00000000c2900000, 0x00000000c2900000, 0x00000000c2a00000|  0%| F|  |TS  0|AC  0|TAMS 0x00000000c2900000, 0x00000000c2900000|
|  22|0x00000000c2a00000, 0x00000000c2a00000, 0x00000000c2b00000|  0%| F|  |TS  0|AC  0|TAMS 0x00000000c2a00000, 0x00000000c2a00000|
|  23|0x00000000c2b00000, 0x00000000c2b00000, 0x00000000c2c00000|  0%| F|  |TS  0|AC  0|TAMS 0x00000000c2b00000, 0x00000000c2b00000|
|  24|0x00000000c2c00000, 0x00000000c2c00000, 0x00000000c2d00000|  0%| F|  |TS  0|AC  0|TAMS 0x00000000c2c00000, 0x00000000c2c00000|
|  25|0x00000000c2d00000, 0x00000000c2d00000, 0x00000000c2e00000|  0%| F|  |TS 27|AC  0|TAMS 0x00000000c2d00000, 0x00000000c2d00000|
|  26|0x00000000c2e00000, 0x00000000c2e14528, 0x00000000c2f00000|  7%| S|CS|TS 27|AC  0|TAMS 0x00000000c2e00000, 0x00000000c2e00000|
|  27|0x00000000c2f00000, 0x00000000c2f00000, 0x00000000c3000000|  0%| F|  |TS 27|AC  0|TAMS 0x00000000c2f00000, 0x00000000c2f00000|
|  28|0x00000000c3000000, 0x00000000c3000000, 0x00000000c3100000|  0%| F|  |TS 27|AC  0|TAMS 0x00000000c3000000, 0x00000000c3000000|
|  29|0x00000000c3100000, 0x00000000c3100000, 0x00000000c3200000|  0%| F|  |TS 27|AC  0|TAMS 0x00000000c3100000, 0x00000000c3100000|
|  30|0x00000000c3200000, 0x00000000c3200000, 0x00000000c3300000|  0%| F|  |TS 27|AC  0|TAMS 0x00000000c3200000, 0x00000000c3200000|
|  31|0x00000000c3300000, 0x00000000c3300000, 0x00000000c3400000|  0%| F|  |TS 27|AC  0|TAMS 0x00000000c3300000, 0x00000000c3300000|
|  32|0x00000000c3400000, 0x00000000c3400000, 0x00000000c3500000|  0%| F|  |TS 27|AC  0|TAMS 0x00000000c3400000, 0x00000000c3400000|
|  33|0x00000000c3500000, 0x00000000c3500000, 0x00000000c3600000|  0%| F|  |TS 27|AC  0|TAMS 0x00000000c3500000, 0x00000000c3500000|
|  34|0x00000000c3600000, 0x00000000c3600000, 0x00000000c3700000|  0%| F|  |TS 27|AC  0|TAMS 0x00000000c3600000, 0x00000000c3600000|
|  35|0x00000000c3700000, 0x00000000c3700000, 0x00000000c3800000|  0%| F|  |TS 27|AC  0|TAMS 0x00000000c3700000, 0x00000000c3700000|
|  36|0x00000000c3800000, 0x00000000c3800000, 0x00000000c3900000|  0%| F|  |TS 27|AC  0|TAMS 0x00000000c3800000, 0x00000000c3800000|
|  37|0x00000000c3900000, 0x00000000c3900000, 0x00000000c3a00000|  0%| F|  |TS 27|AC  0|TAMS 0x00000000c3900000, 0x00000000c3900000|
|  38|0x00000000c3a00000, 0x00000000c3a00000, 0x00000000c3b00000|  0%| F|  |TS 27|AC  0|TAMS 0x00000000c3a00000, 0x00000000c3a00000|
|  39|0x00000000c3b00000, 0x00000000c3b00000, 0x00000000c3c00000|  0%| F|  |TS 27|AC  0|TAMS 0x00000000c3b00000, 0x00000000c3b00000|
|  40|0x00000000c3c00000, 0x00000000c3c00000, 0x00000000c3d00000|  0%| F|  |TS 27|AC  0|TAMS 0x00000000c3c00000, 0x00000000c3c00000|
|  41|0x00000000c3d00000, 0x00000000c3d00000, 0x00000000c3e00000|  0%| F|  |TS 27|AC  0|TAMS 0x00000000c3d00000, 0x00000000c3d00000|
|  42|0x00000000c3e00000, 0x00000000c3e00000, 0x00000000c3f00000|  0%| F|  |TS 27|AC  0|TAMS 0x00000000c3e00000, 0x00000000c3e00000|
|  43|0x00000000c3f00000, 0x00000000c3f00000, 0x00000000c4000000|  0%| F|  |TS 27|AC  0|TAMS 0x00000000c3f00000, 0x00000000c3f00000|
|  44|0x00000000c4000000, 0x00000000c4000000, 0x00000000c4100000|  0%| F|  |TS 27|AC  0|TAMS 0x00000000c4000000, 0x00000000c4000000|
|  45|0x00000000c4100000, 0x00000000c4100000, 0x00000000c4200000|  0%| F|  |TS 27|AC  0|TAMS 0x00000000c4100000, 0x00000000c4100000|
|  46|0x00000000c4200000, 0x00000000c4200000, 0x00000000c4300000|  0%| F|  |TS 27|AC  0|TAMS 0x00000000c4200000, 0x00000000c4200000|
|  47|0x00000000c4300000, 0x00000000c4300000, 0x00000000c4400000|  0%| F|  |TS 27|AC  0|TAMS 0x00000000c4300000, 0x00000000c4300000|
|  48|0x00000000c4400000, 0x00000000c4400000, 0x00000000c4500000|  0%| F|  |TS 27|AC  0|TAMS 0x00000000c4400000, 0x00000000c4400000|
|  49|0x00000000c4500000, 0x00000000c4500000, 0x00000000c4600000|  0%| F|  |TS 27|AC  0|TAMS 0x00000000c4500000, 0x00000000c4500000|
|  50|0x00000000c4600000, 0x00000000c4600000, 0x00000000c4700000|  0%| F|  |TS 27|AC  0|TAMS 0x00000000c4600000, 0x00000000c4600000|
|  51|0x00000000c4700000, 0x00000000c4700000, 0x00000000c4800000|  0%| F|  |TS 27|AC  0|TAMS 0x00000000c4700000, 0x00000000c4700000|
|  52|0x00000000c4800000, 0x00000000c4800000, 0x00000000c4900000|  0%| F|  |TS 27|AC  0|TAMS 0x00000000c4800000, 0x00000000c4800000|
|  53|0x00000000c4900000, 0x00000000c4900000, 0x00000000c4a00000|  0%| F|  |TS 27|AC  0|TAMS 0x00000000c4900000, 0x00000000c4900000|
|  54|0x00000000c4a00000, 0x00000000c4b00000, 0x00000000c4b00000|100%| E|  |TS 27|AC  0|TAMS 0x00000000c4a00000, 0x00000000c4a00000|
|  55|0x00000000c4b00000, 0x00000000c4c00000, 0x00000000c4c00000|100%| E|CS|TS 27|AC  0|TAMS 0x00000000c4b00000, 0x00000000c4b00000|
|  56|0x00000000c4c00000, 0x00000000c4d00000, 0x00000000c4d00000|100%| E|CS|TS 27|AC  0|TAMS 0x00000000c4c00000, 0x00000000c4c00000|
|  57|0x00000000c4d00000, 0x00000000c4e00000, 0x00000000c4e00000|100%| E|CS|TS 27|AC  0|TAMS 0x00000000c4d00000, 0x00000000c4d00000|
|  58|0x00000000c4e00000, 0x00000000c4f00000, 0x00000000c4f00000|100%| E|CS|TS 27|AC  0|TAMS 0x00000000c4e00000, 0x00000000c4e00000|
|  59|0x00000000c4f00000, 0x00000000c5000000, 0x00000000c5000000|100%| E|CS|TS 27|AC  0|TAMS 0x00000000c4f00000, 0x00000000c4f00000|
|  60|0x00000000c5000000, 0x00000000c5100000, 0x00000000c5100000|100%| E|CS|TS 27|AC  0|TAMS 0x00000000c5000000, 0x00000000c5000000|
|  61|0x00000000c5100000, 0x00000000c5200000, 0x00000000c5200000|100%| E|CS|TS 27|AC  0|TAMS 0x00000000c5100000, 0x00000000c5100000|
|  62|0x00000000c5200000, 0x00000000c5300000, 0x00000000c5300000|100%| E|CS|TS 27|AC  0|TAMS 0x00000000c5200000, 0x00000000c5200000|
|  63|0x00000000c5300000, 0x00000000c5400000, 0x00000000c5400000|100%| E|CS|TS 27|AC  0|TAMS 0x00000000c5300000, 0x00000000c5300000|

Card table byte_map: [0x0000015bac640000,0x0000015bac840000] byte_map_base: 0x0000015bac036000

Marking Bits (Prev, Next): (CMBitMap*) 0x0000015b921157a0, (CMBitMap*) 0x0000015b921157d8
 Prev Bits: [0x0000015baca40000, 0x0000015bad9f0000)
 Next Bits: [0x0000015bad9f0000, 0x0000015bae9a0000)

Polling page: 0x0000015b8fed0000

CodeHeap 'non-profiled nmethods': size=120064Kb used=958Kb max_used=958Kb free=119105Kb
 bounds [0x0000015ba4f00000, 0x0000015ba5170000, 0x0000015bac440000]
CodeHeap 'profiled nmethods': size=120000Kb used=1977Kb max_used=2956Kb free=118023Kb
 bounds [0x0000015b9d9d0000, 0x0000015b9dcc0000, 0x0000015ba4f00000]
CodeHeap 'non-nmethods': size=5696Kb used=1087Kb max_used=1190Kb free=4608Kb
 bounds [0x0000015b9d440000, 0x0000015b9d6b0000, 0x0000015b9d9d0000]
 total_blobs=2259 nmethods=1221 adapters=306
 compilation: enabled

Compilation events (10 events):
Event: 1537.202 Thread 0x0000015bb168c000 1430       4       java.util.HashMap::resize (356 bytes)
Event: 1537.446 Thread 0x0000015bb168c000 nmethod 1430 0x0000015ba4fed090 code [0x0000015ba4fed260, 0x0000015ba4fedf58]
Event: 1557.198 Thread 0x0000015bb1689800 1431   !   4       java.nio.charset.Charset::defaultCharset (53 bytes)
Event: 1557.216 Thread 0x0000015bb1689800 nmethod 1431 0x0000015ba4fee310 code [0x0000015ba4fee4a0, 0x0000015ba4fee518]
Event: 1567.229 Thread 0x0000015bb168c000 1432       4       java.nio.ByteBuffer::<init> (45 bytes)
Event: 1567.357 Thread 0x0000015bb168c000 nmethod 1432 0x0000015ba4fee590 code [0x0000015ba4fee720, 0x0000015ba4fee918]
Event: 2218.895 Thread 0x0000015bb1689800 1433       4       java.lang.ref.ReferenceQueue::reallyPoll (65 bytes)
Event: 2218.950 Thread 0x0000015bb1689800 nmethod 1433 0x0000015ba4feea90 code [0x0000015ba4feec20, 0x0000015ba4feefd8]
Event: 2252.209 Thread 0x0000015bb168c000 1434       4       sun.nio.cs.UTF_8$Decoder::xflow (31 bytes)
Event: 2252.230 Thread 0x0000015bb168c000 nmethod 1434 0x0000015ba4fef090 code [0x0000015ba4fef280, 0x0000015ba4fef818]

GC Heap History (10 events):
Event: 1462.222 GC heap before
{Heap before GC invocations=22 (full 0):
 garbage-first heap   total 65536K, used 41512K [0x00000000c1400000, 0x0000000100000000)
  region size 1024K, 38 young (38912K), 1 survivors (1024K)
 Metaspace       used 10967K, capacity 11155K, committed 11264K, reserved 1058816K
  class space    used 922K, capacity 1023K, committed 1024K, reserved 1048576K
}
Event: 1462.223 GC heap after
{Heap after GC invocations=23 (full 0):
 garbage-first heap   total 65536K, used 3629K [0x00000000c1400000, 0x0000000100000000)
  region size 1024K, 1 young (1024K), 1 survivors (1024K)
 Metaspace       used 10967K, capacity 11155K, committed 11264K, reserved 1058816K
  class space    used 922K, capacity 1023K, committed 1024K, reserved 1048576K
}
Event: 1512.193 GC heap before
{Heap before GC invocations=23 (full 0):
 garbage-first heap   total 65536K, used 41517K [0x00000000c1400000, 0x0000000100000000)
  region size 1024K, 38 young (38912K), 1 survivors (1024K)
 Metaspace       used 10967K, capacity 11155K, committed 11264K, reserved 1058816K
  class space    used 922K, capacity 1023K, committed 1024K, reserved 1048576K
}
Event: 1512.194 GC heap after
{Heap after GC invocations=24 (full 0):
 garbage-first heap   total 65536K, used 3634K [0x00000000c1400000, 0x0000000100000000)
  region size 1024K, 1 young (1024K), 1 survivors (1024K)
 Metaspace       used 10967K, capacity 11155K, committed 11264K, reserved 1058816K
  class space    used 922K, capacity 1023K, committed 1024K, reserved 1048576K
}
Event: 1557.209 GC heap before
{Heap before GC invocations=24 (full 0):
 garbage-first heap   total 65536K, used 41522K [0x00000000c1400000, 0x0000000100000000)
  region size 1024K, 38 young (38912K), 1 survivors (1024K)
 Metaspace       used 10967K, capacity 11155K, committed 11264K, reserved 1058816K
  class space    used 922K, capacity 1023K, committed 1024K, reserved 1048576K
}
Event: 1557.210 GC heap after
{Heap after GC invocations=25 (full 0):
 garbage-first heap   total 65536K, used 3632K [0x00000000c1400000, 0x0000000100000000)
  region size 1024K, 1 young (1024K), 1 survivors (1024K)
 Metaspace       used 10967K, capacity 11155K, committed 11264K, reserved 1058816K
  class space    used 922K, capacity 1023K, committed 1024K, reserved 1048576K
}
Event: 1602.216 GC heap before
{Heap before GC invocations=25 (full 0):
 garbage-first heap   total 65536K, used 41520K [0x00000000c1400000, 0x0000000100000000)
  region size 1024K, 38 young (38912K), 1 survivors (1024K)
 Metaspace       used 10967K, capacity 11155K, committed 11264K, reserved 1058816K
  class space    used 922K, capacity 1023K, committed 1024K, reserved 1048576K
}
Event: 1602.217 GC heap after
{Heap after GC invocations=26 (full 0):
 garbage-first heap   total 65536K, used 3630K [0x00000000c1400000, 0x0000000100000000)
  region size 1024K, 1 young (1024K), 1 survivors (1024K)
 Metaspace       used 10967K, capacity 11155K, committed 11264K, reserved 1058816K
  class space    used 922K, capacity 1023K, committed 1024K, reserved 1048576K
}
Event: 2218.865 GC heap before
{Heap before GC invocations=26 (full 0):
 garbage-first heap   total 65536K, used 42542K [0x00000000c1400000, 0x0000000100000000)
  region size 1024K, 38 young (38912K), 1 survivors (1024K)
 Metaspace       used 10967K, capacity 11155K, committed 11264K, reserved 1058816K
  class space    used 922K, capacity 1023K, committed 1024K, reserved 1048576K
}
Event: 2218.883 GC heap after
{Heap after GC invocations=27 (full 0):
 garbage-first heap   total 65536K, used 3640K [0x00000000c1400000, 0x0000000100000000)
  region size 1024K, 1 young (1024K), 1 survivors (1024K)
 Metaspace       used 10967K, capacity 11155K, committed 11264K, reserved 1058816K
  class space    used 922K, capacity 1023K, committed 1024K, reserved 1048576K
}

Deoptimization events (10 events):
Event: 61.119 Thread 0x0000015bb1da0800 Uncommon trap: reason=unstable_if action=reinterpret pc=0x0000015ba4f47374 method=java.lang.AbstractStringBuilder.append(Ljava/lang/String;)Ljava/lang/AbstractStringBuilder; @ 1 c2
Event: 61.369 Thread 0x0000015bb1d9c800 Uncommon trap: reason=unstable_if action=reinterpret pc=0x0000015ba4f1e5c8 method=java.util.HashMap.putVal(ILjava/lang/Object;Ljava/lang/Object;ZZ)Ljava/lang/Object; @ 162 c2
Event: 61.439 Thread 0x0000015bb1d9c800 Uncommon trap: reason=unstable_if action=reinterpret pc=0x0000015ba4f3c908 method=java.lang.ref.SoftReference.get()Ljava/lang/Object; @ 17 c2
Event: 657.190 Thread 0x0000015bb1f81800 Uncommon trap: reason=predicate action=maybe_recompile pc=0x0000015ba4fc9124 method=java.util.AbstractCollection.toArray([Ljava/lang/Object;)[Ljava/lang/Object; @ 46 c2
Event: 687.188 Thread 0x0000015bb1f85800 Uncommon trap: reason=array_check action=maybe_recompile pc=0x0000015ba4fca250 method=java.util.AbstractCollection.toArray([Ljava/lang/Object;)[Ljava/lang/Object; @ 116 c2
Event: 687.197 Thread 0x0000015bb1f85800 Uncommon trap: reason=array_check action=maybe_recompile pc=0x0000015ba4fca250 method=java.util.AbstractCollection.toArray([Ljava/lang/Object;)[Ljava/lang/Object; @ 116 c2
Event: 687.197 Thread 0x0000015bb1f85800 Uncommon trap: reason=array_check action=maybe_recompile pc=0x0000015ba4fca250 method=java.util.AbstractCollection.toArray([Ljava/lang/Object;)[Ljava/lang/Object; @ 116 c2
Event: 687.208 Thread 0x0000015bb1f82800 Uncommon trap: reason=array_check action=maybe_recompile pc=0x0000015ba4fca250 method=java.util.AbstractCollection.toArray([Ljava/lang/Object;)[Ljava/lang/Object; @ 116 c2
Event: 2217.224 Thread 0x0000015bb1f84000 Uncommon trap: reason=unstable_if action=reinterpret pc=0x0000015ba4feb248 method=ApiEndpoints.API.AuthorizeRequest(Lorg/json/JSONObject;)Z @ 52 c2
Event: 2217.380 Thread 0x0000015bb1f86000 Uncommon trap: reason=unstable_if action=reinterpret pc=0x0000015ba4fedd28 method=java.util.HashMap.resize()[Ljava/util/HashMap$Node; @ 203 c2

Classes redefined (0 events):
No events

Internal exceptions (10 events):
Event: 3.335 Thread 0x0000015b920bf800 Exception <a 'java/lang/NoSuchMethodError'{0x00000000c4b8e298}: method resolution failed> (0x00000000c4b8e298) thrown at [t:/workspace/open/src/hotspot/share/prims/methodHandles.cpp, line 1226]
Event: 3.335 Thread 0x0000015b920bf800 Exception <a 'java/lang/NoSuchMethodError'{0x00000000c4b916c0}: java.lang.invoke.DirectMethodHandle$Holder.invokeStaticInit(Ljava/lang/Object;IIII)Ljava/lang/Object;> (0x00000000c4b916c0) thrown at [t:/workspace/open/src/hotspot/share/interpreter/linkReso
Event: 5.619 Thread 0x0000015b920bf800 Exception <a 'java/lang/NoSuchMethodError'{0x00000000c4bc4a78}: method resolution failed> (0x00000000c4bc4a78) thrown at [t:/workspace/open/src/hotspot/share/prims/methodHandles.cpp, line 1226]
Event: 5.619 Thread 0x0000015b920bf800 Exception <a 'java/lang/NoSuchMethodError'{0x00000000c4bc8070}: java.lang.invoke.DirectMethodHandle$Holder.invokeStaticInit(Ljava/lang/Object;Ljava/lang/Object;IIII)Ljava/lang/Object;> (0x00000000c4bc8070) thrown at [t:/workspace/open/src/hotspot/share/in
Event: 61.118 Thread 0x0000015bb1da0800 Implicit null exception at 0x0000015ba4f462f7 to 0x0000015ba4f4682a
Event: 61.119 Thread 0x0000015bb1da0800 Implicit null exception at 0x0000015ba4f46df4 to 0x0000015ba4f4735a
Event: 2218.940 Thread 0x0000015bb1f84800 Exception <a 'java/io/FileNotFoundException'{0x00000000c530ed78}> (0x00000000c530ed78) thrown at [t:/workspace/open/src/hotspot/share/prims/jni.cpp, line 611]
Event: 2218.946 Thread 0x0000015bb1f84800 Exception <a 'java/io/FileNotFoundException'{0x00000000c530f4a8}> (0x00000000c530f4a8) thrown at [t:/workspace/open/src/hotspot/share/prims/jni.cpp, line 611]
Event: 2252.523 Thread 0x0000015bb1f81800 Exception <a 'java/io/FileNotFoundException'{0x00000000c4b8f9e8}> (0x00000000c4b8f9e8) thrown at [t:/workspace/open/src/hotspot/share/prims/jni.cpp, line 611]
Event: 2252.524 Thread 0x0000015bb1f81800 Exception <a 'java/io/FileNotFoundException'{0x00000000c4b90118}> (0x00000000c4b90118) thrown at [t:/workspace/open/src/hotspot/share/prims/jni.cpp, line 611]

Events (10 events):
Event: 2252.255 Thread 0x0000015bb1f84800 Thread exited: 0x0000015bb1f84800
Event: 2252.262 Thread 0x0000015bb1f82800 Thread exited: 0x0000015bb1f82800
Event: 2252.296 Thread 0x0000015bb1f83000 Thread added: 0x0000015bb1f83000
Event: 2252.305 Thread 0x0000015bb1f84000 Thread added: 0x0000015bb1f84000
Event: 2252.306 Thread 0x0000015bb1f83000 Thread exited: 0x0000015bb1f83000
Event: 2252.310 Thread 0x0000015bb1f84000 Thread exited: 0x0000015bb1f84000
Event: 2252.475 Thread 0x0000015bb1f81800 Thread added: 0x0000015bb1f81800
Event: 2252.525 Thread 0x0000015bb1f81800 Thread exited: 0x0000015bb1f81800
Event: 2256.908 Thread 0x0000015bb1f80000 Thread added: 0x0000015bb1f80000
Event: 2256.911 Thread 0x0000015bb1f86000 Thread added: 0x0000015bb1f86000


Dynamic libraries:
0x00007ff7850c0000 - 0x00007ff7850fe000 	C:\Program Files\Java\jdk-10.0.1\bin\java.exe
0x00007ffa44060000 - 0x00007ffa44250000 	C:\WINDOWS\SYSTEM32\ntdll.dll
0x00007ffa43c90000 - 0x00007ffa43d42000 	C:\WINDOWS\System32\KERNEL32.DLL
0x00007ffa41e60000 - 0x00007ffa42103000 	C:\WINDOWS\System32\KERNELBASE.dll
0x00007ffa42720000 - 0x00007ffa427c3000 	C:\WINDOWS\System32\ADVAPI32.dll
0x00007ffa43f80000 - 0x00007ffa4401e000 	C:\WINDOWS\System32\msvcrt.dll
0x00007ffa43be0000 - 0x00007ffa43c77000 	C:\WINDOWS\System32\sechost.dll
0x00007ffa43710000 - 0x00007ffa43830000 	C:\WINDOWS\System32\RPCRT4.dll
0x00007ffa42110000 - 0x00007ffa422a3000 	C:\WINDOWS\System32\USER32.dll
0x00007ffa41040000 - 0x00007ffa41061000 	C:\WINDOWS\System32\win32u.dll
0x00007ffa42b60000 - 0x00007ffa42b86000 	C:\WINDOWS\System32\GDI32.dll
0x00007ffa41070000 - 0x00007ffa41204000 	C:\WINDOWS\System32\gdi32full.dll
0x00007ffa41340000 - 0x00007ffa413de000 	C:\WINDOWS\System32\msvcp_win.dll
0x00007ffa41210000 - 0x00007ffa4130a000 	C:\WINDOWS\System32\ucrtbase.dll
0x00007ffa366b0000 - 0x00007ffa36935000 	C:\WINDOWS\WinSxS\amd64_microsoft.windows.common-controls_6595b64144ccf1df_6.0.18362.267_none_e6c5adbd130e444d\COMCTL32.dll
0x00007ffa43340000 - 0x00007ffa43676000 	C:\WINDOWS\System32\combase.dll
0x00007ffa41550000 - 0x00007ffa415d0000 	C:\WINDOWS\System32\bcryptPrimitives.dll
0x00007ffa37450000 - 0x00007ffa3745a000 	C:\WINDOWS\SYSTEM32\VERSION.dll
0x00007ffa43bb0000 - 0x00007ffa43bde000 	C:\WINDOWS\System32\IMM32.DLL
0x00007ffa116a0000 - 0x00007ffa1178f000 	C:\Program Files\Java\jdk-10.0.1\bin\msvcr120.dll
0x00007ffa115f0000 - 0x00007ffa11696000 	C:\Program Files\Java\jdk-10.0.1\bin\msvcp120.dll
0x00000000717f0000 - 0x0000000072260000 	C:\Program Files\Java\jdk-10.0.1\bin\server\jvm.dll
0x00007ffa43c80000 - 0x00007ffa43c88000 	C:\WINDOWS\System32\PSAPI.DLL
0x00007ffa3fa10000 - 0x00007ffa3fa19000 	C:\WINDOWS\SYSTEM32\WSOCK32.dll
0x00007ffa43ac0000 - 0x00007ffa43b2f000 	C:\WINDOWS\System32\WS2_32.dll
0x00007ffa36d90000 - 0x00007ffa36db4000 	C:\WINDOWS\SYSTEM32\WINMM.dll
0x00007ffa36d60000 - 0x00007ffa36d8d000 	C:\WINDOWS\SYSTEM32\WINMMBASE.dll
0x00007ffa40ff0000 - 0x00007ffa4103a000 	C:\WINDOWS\System32\cfgmgr32.dll
0x00007ffa3d530000 - 0x00007ffa3d53f000 	C:\Program Files\Java\jdk-10.0.1\bin\verify.dll
0x00007ffa3f6a0000 - 0x00007ffa3f894000 	C:\WINDOWS\SYSTEM32\DBGHELP.DLL
0x00007ffa3aec0000 - 0x00007ffa3aeea000 	C:\WINDOWS\SYSTEM32\dbgcore.DLL
0x00007ffa3ba80000 - 0x00007ffa3baa7000 	C:\Program Files\Java\jdk-10.0.1\bin\java.dll
0x00007ffa2c860000 - 0x00007ffa2c88a000 	C:\Program Files\Java\jdk-10.0.1\bin\instrument.dll
0x00007ffa38320000 - 0x00007ffa38336000 	C:\Program Files\Java\jdk-10.0.1\bin\zip.dll
0x00007ffa3bd50000 - 0x00007ffa3bd5a000 	C:\Program Files\Java\jdk-10.0.1\bin\jimage.dll
0x00007ffa42bf0000 - 0x00007ffa432d2000 	C:\WINDOWS\System32\SHELL32.dll
0x00007ffa43e00000 - 0x00007ffa43ea9000 	C:\WINDOWS\System32\shcore.dll
0x00007ffa41680000 - 0x00007ffa41dfc000 	C:\WINDOWS\System32\windows.storage.dll
0x00007ffa40fb0000 - 0x00007ffa40fcf000 	C:\WINDOWS\System32\profapi.dll
0x00007ffa40f40000 - 0x00007ffa40f8a000 	C:\WINDOWS\System32\powrprof.dll
0x00007ffa40f30000 - 0x00007ffa40f40000 	C:\WINDOWS\System32\UMPDC.dll
0x00007ffa432e0000 - 0x00007ffa43332000 	C:\WINDOWS\System32\shlwapi.dll
0x00007ffa40f90000 - 0x00007ffa40fa1000 	C:\WINDOWS\System32\kernel.appcore.dll
0x00007ffa413e0000 - 0x00007ffa413f7000 	C:\WINDOWS\System32\cryptsp.dll
0x00007ffa2d560000 - 0x00007ffa2d57a000 	C:\Program Files\Java\jdk-10.0.1\bin\net.dll
0x00007ffa37800000 - 0x00007ffa378f0000 	C:\WINDOWS\SYSTEM32\WINHTTP.dll
0x00007ffa40740000 - 0x00007ffa407a7000 	C:\WINDOWS\system32\mswsock.dll
0x00007ffa2c8b0000 - 0x00007ffa2c8c1000 	C:\Program Files\Java\jdk-10.0.1\bin\nio.dll
0x00007ffa2c840000 - 0x00007ffa2c85a000 	C:\Program Files\JetBrains\IntelliJ IDEA Community Edition 2018.1.1\bin\breakgen64.dll
0x00007ffa402b0000 - 0x00007ffa402e3000 	C:\WINDOWS\system32\rsaenh.dll
0x00007ffa41310000 - 0x00007ffa41336000 	C:\WINDOWS\System32\bcrypt.dll
0x00007ffa40e50000 - 0x00007ffa40e75000 	C:\WINDOWS\SYSTEM32\USERENV.dll
0x00007ffa40910000 - 0x00007ffa4091c000 	C:\WINDOWS\SYSTEM32\CRYPTBASE.dll
0x00007ffa40450000 - 0x00007ffa4048a000 	C:\WINDOWS\SYSTEM32\IPHLPAPI.DLL
0x00007ffa42930000 - 0x00007ffa42938000 	C:\WINDOWS\System32\NSI.dll
0x00007ffa3ad60000 - 0x00007ffa3ad76000 	C:\WINDOWS\SYSTEM32\dhcpcsvc6.DLL
0x00007ffa3a8c0000 - 0x00007ffa3a8dc000 	C:\WINDOWS\SYSTEM32\dhcpcsvc.DLL
0x00007ffa40490000 - 0x00007ffa4055a000 	C:\WINDOWS\SYSTEM32\DNSAPI.dll
0x0000000061c40000 - 0x0000000061d0b000 	C:\Users\User\AppData\Local\Temp\sqlite-3.27.2.1-a1b8883b-284d-4829-b5d1-885ef8959351-sqlitejdbc.dll

dbghelp: loaded successfully - version: 4.0.5 - missing functions: none
symbol engine: initialized successfully - sym options: 0x614 - pdb path: .;C:\Program Files\Java\jdk-10.0.1\bin;C:\WINDOWS\SYSTEM32;C:\WINDOWS\WinSxS\amd64_microsoft.windows.common-controls_6595b64144ccf1df_6.0.18362.267_none_e6c5adbd130e444d;C:\Program Files\Java\jdk-10.0.1\bin\server;C:\Program Files\JetBrains\IntelliJ IDEA Community Edition 2018.1.1\bin;C:\Users\User\AppData\Local\Temp

VM Arguments:
jvm_args: -javaagent:C:\Program Files\JetBrains\IntelliJ IDEA Community Edition 2018.1.1\lib\idea_rt.jar=62714:C:\Program Files\JetBrains\IntelliJ IDEA Community Edition 2018.1.1\bin -Dfile.encoding=UTF-8 
java_command: Main
java_class_path (initial): C:\Users\User\Documents\GitHub\#01\Real-time-Fire-Escape-Routes\RTFE_Server\out\production\classes;C:\Users\User\.gradle\caches\modules-2\files-2.1\junit\junit\4.12\2973d150c0dc1fefe998f834810d68f278ea58ec\junit-4.12.jar;C:\Users\User\.gradle\caches\modules-2\files-2.1\org.mockito\mockito-core\1.9.5\c3264abeea62c4d2f367e21484fbb40c7e256393\mockito-core-1.9.5.jar;C:\Users\User\.gradle\caches\modules-2\files-2.1\com.mashape.unirest\unirest-java\1.3.1\522c340270b9365fbaf5041f740e17f22744d741\unirest-java-1.3.1.jar;C:\Users\User\.gradle\caches\modules-2\files-2.1\org.json\json\20171018\36ced462c97f0845b4a7b266a25cebe95d18baa3\json-20171018.jar;C:\Users\User\.gradle\caches\modules-2\files-2.1\org.jboss.arquillian.junit\arquillian-junit-container\1.4.1.Final\e524d9473b0ffd30bc5925c706d9b6054f035a4d\arquillian-junit-container-1.4.1.Final.jar;C:\Users\User\.gradle\caches\modules-2\files-2.1\org.jboss.modules\jboss-modules\1.3.3.Final\8ef8e89dbb895e91969cb86f423a468c11404fa8\jboss-modules-1.3.3.Final.jar;C:\Users\User\.gradle\caches\modules-2\files-2.1\org.hamcrest\hamcrest-core\1.3\42a25dc3219429f0e5d060061f71acb49bf010a0\hamcrest-core-1.3.jar;C:\Users\User\.gradle\caches\modules-2\files-2.1\org.objenesis\objenesis\1.0\9b473564e792c2bdf1449da1f0b1b5bff9805704\objenesis-1.0.jar;C:\Users\User\.gradle\caches\modules-2\files-2.1\org.jboss.arquillian.junit\arquillian-junit-core\1.4.1.Final\78594732015c2cbffd75b38fb617a34eff40535\arquillian-junit-core-1.4.1.Final.jar;C:\Users\User\.gradle\caches\modules-2\files-2.1\org.jboss.arquillian.container\arquillian-container-test-impl-base\1.4.1.Final\4005d1bde32f6a42f0229d4c669cb4c5e07e7b99\arquillian-container-test-impl-base-1.4.1.Final.jar;C:\Users\User\.gradle\caches\modules-2\files-2.1\org.jboss.arquillian.container\arquillian-container-test-spi\1.4.1.Final\d918c3e6a5fe6efa34b2a7e67388427b10627795\arquillian-container-test-spi-1.4.1.Final.jar;C:\Users\User\.gradle\caches\modules-2\files-2.1\org.jboss.arqu
Launcher Type: SUN_STANDARD

Logging:
Log output configuration:
#0: stdout all=warning uptime,level,tags
#1: stderr all=off uptime,level,tags

Environment Variables:
JAVA_HOME=C:\Program Files\Java\jdk-10.0.1
PATH=C:\Program Files (x86)\Common Files\Oracle\Java\javapath;C:\WINDOWS\system32;C:\WINDOWS;C:\WINDOWS\System32\Wbem;C:\WINDOWS\System32\WindowsPowerShell\v1.0\;C:\Program Files\nodejs\;C:\WINDOWS\System32\OpenSSH\;C:\Program Files\Git\cmd;C:\Program Files\Git\mingw64\bin;C:\Program Files\Git\usr\bin;C:\Program Files\PuTTY\;C:\Program Files\Intel\WiFi\bin\;C:\Program Files\Common Files\Intel\WirelessCommon\;C:\Program Files\doxygen\bin;C:\Program Files\Java\jdk-10.0.1\bin;C:\Users\User\AppData\Local\ValidatorBuddy;C:\Users\User\AppData\Local\Microsoft\WindowsApps;C:\Users\Pieter\AppData\Local\GitHubDesktop\bin;C:\Program Files\heroku\bin;C:\Users\User\AppData\Local\Microsoft\WindowsApps;
USERNAME=User
OS=Windows_NT
PROCESSOR_IDENTIFIER=Intel64 Family 6 Model 61 Stepping 4, GenuineIntel



---------------  S Y S T E M  ---------------

OS: Windows 10 , 64 bit Build 18362 (10.0.18362.86)

CPU:total 4 (initial active 4) (2 cores per cpu, 2 threads per core) family 6 model 61 stepping 4, cmov, cx8, fxsr, mmx, sse, sse2, sse3, ssse3, sse4.1, sse4.2, popcnt, avx, avx2, aes, clmul, erms, 3dnowpref, lzcnt, ht, tsc, tscinvbit, bmi1, bmi2, adx, fma

Memory: 4k page, physical 4104268k(460120k free), swap 14670572k(2953988k free)

vm_info: Java HotSpot(TM) 64-Bit Server VM (10.0.1+10) for windows-amd64 JRE (10.0.1+10), built on Mar 27 2018 02:27:48 by "mach5one" with MS VC++ 12.0 (VS2013)

END.
